SF:D:\develop\Regulus\Regulus.Network\Agent.cs
FN:29,System.Boolean Regulus.Network.Agent::Regulus.Utility.IUpdatable<Regulus.Network.Timestamp>.Update(Regulus.Network.Timestamp)
FNDA:0,System.Boolean Regulus.Network.Agent::Regulus.Utility.IUpdatable<Regulus.Network.Timestamp>.Update(Regulus.Network.Timestamp)
DA:30,0
DA:31,0
DA:32,0
DA:33,0
DA:34,0
DA:35,0
DA:36,0
DA:37,0
DA:38,0
DA:39,0
DA:40,0
DA:42,0
DA:43,0
DA:44,0
BRDA:33,90,1,0
BRDA:33,90,0,0
FN:46,Regulus.Network.Socket[] Regulus.Network.Agent::GetRemovePeers()
FNDA:0,Regulus.Network.Socket[] Regulus.Network.Agent::GetRemovePeers()
DA:47,0
DA:48,0
DA:49,0
DA:50,0
DA:51,0
DA:52,0
DA:54,0
FN:56,System.Void Regulus.Network.Agent::Regulus.Utility.IBootable.Launch()
FNDA:0,System.Void Regulus.Network.Agent::Regulus.Utility.IBootable.Launch()
DA:57,0
DA:61,0
DA:62,0
DA:63,0
DA:66,0
FN:68,System.Void Regulus.Network.Agent::Regulus.Utility.IBootable.Shutdown()
FNDA:0,System.Void Regulus.Network.Agent::Regulus.Utility.IBootable.Shutdown()
DA:69,0
DA:70,0
DA:71,0
DA:72,0
DA:73,0
FN:75,System.Void Regulus.Network.Agent::DestroyPeer(Regulus.Network.Line)
FNDA:0,System.Void Regulus.Network.Agent::DestroyPeer(Regulus.Network.Line)
DA:76,0
DA:78,0
DA:79,0
DA:80,0
DA:81,0
DA:82,0
DA:83,0
DA:84,0
DA:85,0
DA:87,0
DA:89,0
BRDA:78,22,0,0
BRDA:78,22,1,0
FN:91,System.Void Regulus.Network.Agent::CreatePeer(Regulus.Network.Line)
FNDA:0,System.Void Regulus.Network.Agent::CreatePeer(Regulus.Network.Line)
DA:92,0
DA:93,0
FN:95,Regulus.Network.Socket Regulus.Network.Agent::Connect(System.Net.EndPoint,System.Action`1<System.Boolean>)
FNDA:0,Regulus.Network.Socket Regulus.Network.Agent::Connect(System.Net.EndPoint,System.Action`1<System.Boolean>)
DA:96,0
DA:97,0
DA:98,0
DA:99,0
DA:100,0
DA:101,0
DA:102,0
DA:103,0
DA:104,0
DA:105,0
DA:106,0
DA:107,0
DA:108,0
DA:109,0
DA:110,0
DA:111,0
DA:112,0
DA:113,0
DA:114,0
DA:116,0
DA:117,0
DA:118,0
DA:119,0
DA:120,0
DA:121,0
DA:123,0
DA:124,0
BRDA:101,29,0,0
BRDA:101,29,1,0
BRDA:102,67,0,0
BRDA:102,67,1,0
FN:126,System.Void Regulus.Network.Agent::Remove(Regulus.Network.Socket)
FNDA:0,System.Void Regulus.Network.Agent::Remove(Regulus.Network.Socket)
DA:127,0
DA:128,0
DA:129,0
DA:130,0
DA:131,0
DA:133,0
FN:18,System.Void Regulus.Network.Agent::.ctor(Regulus.Network.ISocketRecevieable,Regulus.Network.ISocketSendable)
FNDA:0,System.Void Regulus.Network.Agent::.ctor(Regulus.Network.ISocketRecevieable,Regulus.Network.ISocketSendable)
DA:19,0
DA:20,0
DA:21,0
DA:22,0
DA:23,0
DA:24,0
DA:25,0
DA:26,0
DA:27,0
LF:86
LH:0
BRF:8
BRH:0
FNF:9
FNH:0
end_of_record
SF:D:\develop\Regulus\Regulus.Network\ArrayCache.cs
FN:15,T[] Regulus.Network.ArrayCache`1::Alloc()
FNDA:0,T[] Regulus.Network.ArrayCache`1::Alloc()
DA:16,0
DA:17,0
DA:18,0
DA:19,0
DA:20,0
BRDA:17,17,0,0
BRDA:17,17,1,0
FN:22,System.Void Regulus.Network.ArrayCache`1::Free(T[])
FNDA:0,System.Void Regulus.Network.ArrayCache`1::Free(T[])
DA:23,0
DA:24,0
DA:25,0
DA:27,0
DA:28,0
BRDA:24,17,0,0
BRDA:24,17,1,0
FN:8,System.Void Regulus.Network.ArrayCache`1::.ctor(System.Int32)
FNDA:0,System.Void Regulus.Network.ArrayCache`1::.ctor(System.Int32)
DA:9,0
DA:10,0
DA:11,0
DA:12,0
DA:13,0
LF:15
LH:0
BRF:4
BRH:0
FNF:3
FNH:0
end_of_record
SF:D:\develop\Regulus\Regulus.Network\BufferDispenser.cs
FN:24,System.Int32 Regulus.Network.BufferDispenser::get_Serial()
FNDA:0,System.Int32 Regulus.Network.BufferDispenser::get_Serial()
DA:25,0
FN:28,Regulus.Network.Package.SocketMessage[] Regulus.Network.BufferDispenser::PackingTransmission(System.Byte[],System.UInt16,System.UInt32)
FNDA:0,Regulus.Network.Package.SocketMessage[] Regulus.Network.BufferDispenser::PackingTransmission(System.Byte[],System.UInt16,System.UInt32)
DA:29,0
DA:31,0
DA:32,0
DA:35,0
DA:36,0
DA:37,0
DA:38,0
DA:39,0
DA:40,0
DA:41,0
DA:42,0
DA:43,0
DA:44,0
DA:45,0
DA:46,0
DA:47,0
DA:48,0
DA:49,0
DA:50,0
DA:51,0
DA:52,0
BRDA:36,165,1,0
BRDA:36,165,0,0
FN:54,Regulus.Network.Package.SocketMessage Regulus.Network.BufferDispenser::PackingAck(System.UInt16,System.UInt32)
FNDA:0,Regulus.Network.Package.SocketMessage Regulus.Network.BufferDispenser::PackingAck(System.UInt16,System.UInt32)
DA:55,0
DA:56,0
DA:57,0
DA:58,0
DA:59,0
DA:60,0
DA:61,0
DA:62,0
DA:63,0
FN:64,Regulus.Network.Package.SocketMessage Regulus.Network.BufferDispenser::PackingOperation(Regulus.Network.Package.PeerOperation,System.UInt16,System.UInt32)
FNDA:0,Regulus.Network.Package.SocketMessage Regulus.Network.BufferDispenser::PackingOperation(Regulus.Network.Package.PeerOperation,System.UInt16,System.UInt32)
DA:65,0
DA:66,0
DA:67,0
DA:69,0
DA:70,0
DA:71,0
DA:72,0
DA:73,0
DA:74,0
DA:75,0
DA:78,0
DA:79,0
BRDA:66,7,0,0
BRDA:66,7,1,0
FN:17,System.Void Regulus.Network.BufferDispenser::.ctor(System.Net.EndPoint,Regulus.Network.SocketMessageFactory)
FNDA:0,System.Void Regulus.Network.BufferDispenser::.ctor(System.Net.EndPoint,Regulus.Network.SocketMessageFactory)
DA:18,0
DA:19,0
DA:20,0
DA:21,0
DA:22,0
DA:23,0
LF:49
LH:0
BRF:4
BRH:0
FNF:5
FNH:0
end_of_record
SF:D:\develop\Regulus\Regulus.Network\Config.cs
FN:5,System.Void Regulus.Network.Config::.ctor(System.Int32)
FNDA:0,System.Void Regulus.Network.Config::.ctor(System.Int32)
DA:6,0
DA:7,0
DA:8,0
DA:9,0
DA:10,0
FN:11,System.Void Regulus.Network.Config::.cctor()
FNDA:0,System.Void Regulus.Network.Config::.cctor()
DA:12,0
DA:19,0
LF:7
LH:0
BRF:0
BRH:0
FNF:2
FNH:0
end_of_record
SF:D:\develop\Regulus\Regulus.Network\CongestionRecorder.cs
FN:48,System.Int32 Regulus.Network.CongestionRecorder::get_Count()
FNDA:0,System.Int32 Regulus.Network.CongestionRecorder::get_Count()
DA:49,0
FN:51,System.Int64 Regulus.Network.CongestionRecorder::get_Srtt()
FNDA:0,System.Int64 Regulus.Network.CongestionRecorder::get_Srtt()
DA:52,0
FN:53,System.Int64 Regulus.Network.CongestionRecorder::get_Rto()
FNDA:0,System.Int64 Regulus.Network.CongestionRecorder::get_Rto()
DA:54,0
FN:55,System.Int64 Regulus.Network.CongestionRecorder::get_LastRtt()
FNDA:0,System.Int64 Regulus.Network.CongestionRecorder::get_LastRtt()
DA:56,0
FN:56,System.Int64 Regulus.Network.CongestionRecorder::get_LastRto()
FNDA:0,System.Int64 Regulus.Network.CongestionRecorder::get_LastRto()
DA:57,0
FN:60,System.Void Regulus.Network.CongestionRecorder::PushWait(Regulus.Network.Package.SocketMessage,System.Int64)
FNDA:0,System.Void Regulus.Network.CongestionRecorder::PushWait(Regulus.Network.Package.SocketMessage,System.Int64)
DA:61,0
DA:62,0
DA:63,0
DA:64,0
FN:67,System.Boolean Regulus.Network.CongestionRecorder::Reply(System.UInt16,System.Int64,System.Int64)
FNDA:0,System.Boolean Regulus.Network.CongestionRecorder::Reply(System.UInt16,System.Int64,System.Int64)
DA:68,0
DA:70,0
DA:71,0
DA:72,0
DA:73,0
DA:76,0
DA:77,0
BRDA:70,17,0,0
BRDA:70,17,1,0
FN:79,System.Void Regulus.Network.CongestionRecorder::_Reply(System.UInt16,System.Int64,System.Int64,Regulus.Network.CongestionRecorder/Item)
FNDA:0,System.Void Regulus.Network.CongestionRecorder::_Reply(System.UInt16,System.Int64,System.Int64,Regulus.Network.CongestionRecorder/Item)
DA:80,0
DA:81,0
DA:82,0
DA:83,0
DA:84,0
DA:85,0
DA:86,0
FN:89,System.Void Regulus.Network.CongestionRecorder::ReplyBefore(System.UInt16,System.Int64,System.Int64)
FNDA:0,System.Void Regulus.Network.CongestionRecorder::ReplyBefore(System.UInt16,System.Int64,System.Int64)
DA:90,0
DA:91,0
DA:92,0
DA:93,0
DA:94,0
DA:95,0
BRDA:92,59,0,0
BRDA:93,83,0,0
BRDA:93,83,1,0
BRDA:93,196,1,0
BRDA:92,59,1,0
BRDA:93,196,0,0
FN:97,System.Collections.Generic.List`1<Regulus.Network.Package.SocketMessage> Regulus.Network.CongestionRecorder::PopLost(System.Int64,System.Int64)
FNDA:0,System.Collections.Generic.List`1<Regulus.Network.Package.SocketMessage> Regulus.Network.CongestionRecorder::PopLost(System.Int64,System.Int64)
DA:98,0
DA:99,0
DA:100,0
DA:101,0
DA:102,0
DA:104,0
DA:105,0
DA:106,0
DA:107,0
DA:108,0
DA:109,0
DA:110,0
DA:113,0
DA:114,0
DA:115,0
DA:116,0
DA:118,0
DA:119,0
DA:120,0
DA:121,0
DA:122,0
DA:123,0
DA:124,0
DA:125,0
DA:128,0
DA:129,0
DA:131,0
DA:132,0
DA:133,0
DA:134,0
DA:135,0
DA:137,0
DA:138,0
BRDA:101,221,1,0
BRDA:104,57,0,0
BRDA:104,57,1,0
BRDA:114,137,0,0
BRDA:114,137,1,0
BRDA:123,209,1,0
BRDA:123,209,0,0
BRDA:101,221,0,0
BRDA:128,256,0,0
BRDA:128,256,1,0
BRDA:131,330,1,0
BRDA:131,330,0,0
FN:140,System.Void Regulus.Network.CongestionRecorder::Padding()
FNDA:0,System.Void Regulus.Network.CongestionRecorder::Padding()
DA:141,0
DA:142,0
DA:143,0
DA:144,0
BRDA:142,43,1,0
BRDA:142,43,0,0
FN:146,System.Void Regulus.Network.CongestionRecorder::ReplyAfter(System.UInt16,System.UInt32,System.Int64,System.Int64)
FNDA:0,System.Void Regulus.Network.CongestionRecorder::ReplyAfter(System.UInt16,System.UInt32,System.Int64,System.Int64)
DA:147,0
DA:148,0
DA:149,0
DA:150,0
DA:151,0
DA:152,0
DA:153,0
DA:155,0
DA:156,0
DA:157,0
DA:158,0
DA:159,0
DA:160,0
BRDA:149,80,1,0
BRDA:151,16,0,0
BRDA:155,44,0,0
BRDA:155,44,1,0
BRDA:151,16,1,0
BRDA:149,80,0,0
FN:162,System.Boolean Regulus.Network.CongestionRecorder::IsFull()
FNDA:0,System.Boolean Regulus.Network.CongestionRecorder::IsFull()
DA:163,0
DA:164,0
DA:165,0
FN:41,System.Void Regulus.Network.CongestionRecorder::.ctor(System.Int32)
FNDA:0,System.Void Regulus.Network.CongestionRecorder::.ctor(System.Int32)
DA:42,0
DA:43,0
DA:44,0
DA:45,0
DA:46,0
DA:47,0
FN:16,System.Int32 Regulus.Network.CongestionRecorder/Item::get_Hungry()
FNDA:0,System.Int32 Regulus.Network.CongestionRecorder/Item::get_Hungry()
DA:17,0
FN:27,System.Boolean Regulus.Network.CongestionRecorder/Item::IsTimeout(System.Int64)
FNDA:0,System.Boolean Regulus.Network.CongestionRecorder/Item::IsTimeout(System.Int64)
DA:28,0
DA:29,0
DA:30,0
FN:32,System.Void Regulus.Network.CongestionRecorder/Item::Padding()
FNDA:0,System.Void Regulus.Network.CongestionRecorder/Item::Padding()
DA:33,0
DA:34,0
DA:35,0
FN:17,System.Void Regulus.Network.CongestionRecorder/Item::.ctor(Regulus.Network.Package.SocketMessage,System.Int64,System.Int64)
FNDA:0,System.Void Regulus.Network.CongestionRecorder/Item::.ctor(Regulus.Network.Package.SocketMessage,System.Int64,System.Int64)
DA:18,0
DA:19,0
DA:20,0
DA:21,0
DA:22,0
DA:23,0
LF:101
LH:0
BRF:28
BRH:0
FNF:18
FNH:0
end_of_record
SF:D:\develop\Regulus\Regulus.Network\EmptyArray.cs
FN:6,T[] Regulus.Network.EmptyArray`1::op_Implicit(Regulus.Network.EmptyArray`1<T>)
FNDA:0,T[] Regulus.Network.EmptyArray`1::op_Implicit(Regulus.Network.EmptyArray`1<T>)
DA:7,0
DA:8,0
DA:9,0
FN:4,System.Void Regulus.Network.EmptyArray`1::.cctor()
FNDA:0,System.Void Regulus.Network.EmptyArray`1::.cctor()
DA:5,0
LF:4
LH:0
BRF:0
BRH:0
FNF:2
FNH:0
end_of_record
SF:D:\develop\Regulus\Regulus.Network\Host.cs
FN:16,System.Int32 Regulus.Network.Host::get_PeerCount()
FNDA:0,System.Int32 Regulus.Network.Host::get_PeerCount()
DA:17,0
FN:30,System.Boolean Regulus.Network.Host::Regulus.Utility.IUpdatable<Regulus.Network.Timestamp>.Update(Regulus.Network.Timestamp)
FNDA:0,System.Boolean Regulus.Network.Host::Regulus.Utility.IUpdatable<Regulus.Network.Timestamp>.Update(Regulus.Network.Timestamp)
DA:31,0
DA:32,0
DA:34,0
DA:35,0
DA:36,0
DA:37,0
DA:38,0
DA:39,0
BRDA:35,69,1,0
BRDA:35,69,0,0
FN:43,System.Void Regulus.Network.Host::Regulus.Utility.IBootable.Launch()
FNDA:0,System.Void Regulus.Network.Host::Regulus.Utility.IBootable.Launch()
DA:44,0
DA:47,0
DA:48,0
DA:50,0
DA:52,0
FN:54,System.Void Regulus.Network.Host::Regulus.Utility.IBootable.Shutdown()
FNDA:0,System.Void Regulus.Network.Host::Regulus.Utility.IBootable.Shutdown()
DA:55,0
DA:56,0
DA:57,0
DA:58,0
DA:60,0
FN:62,System.Void Regulus.Network.Host::DestroyPeer(Regulus.Network.Line)
FNDA:0,System.Void Regulus.Network.Host::DestroyPeer(Regulus.Network.Line)
DA:63,0
DA:66,0
DA:69,0
DA:70,0
DA:71,0
DA:72,0
DA:73,0
DA:74,0
DA:75,0
BRDA:69,50,0,0
BRDA:69,50,1,0
FN:79,System.Void Regulus.Network.Host::CreatePeer(Regulus.Network.Line)
FNDA:0,System.Void Regulus.Network.Host::CreatePeer(Regulus.Network.Line)
DA:80,0
DA:81,0
DA:83,0
DA:84,0
DA:85,0
DA:86,0
DA:87,0
DA:88,0
DA:89,0
DA:92,0
DA:93,0
DA:96,0
BRDA:87,17,0,0
BRDA:87,17,1,0
FN:98,System.Void Regulus.Network.Host::Remove(Regulus.Network.Socket)
FNDA:0,System.Void Regulus.Network.Host::Remove(Regulus.Network.Socket)
DA:99,0
DA:100,0
DA:101,0
FN:18,System.Void Regulus.Network.Host::.ctor(Regulus.Network.ISocketRecevieable,Regulus.Network.ISocketSendable)
FNDA:0,System.Void Regulus.Network.Host::.ctor(Regulus.Network.ISocketRecevieable,Regulus.Network.ISocketSendable)
DA:19,0
DA:20,0
DA:21,0
DA:22,0
DA:23,0
DA:24,0
DA:25,0
LF:50
LH:0
BRF:6
BRH:0
FNF:8
FNH:0
end_of_record
SF:D:\develop\Regulus\Regulus.Network\ITime.cs
FN:28,System.Int64 Regulus.Network.Time::Regulus.Network.ITime.get_OneSeconds()
FNDA:0,System.Int64 Regulus.Network.Time::Regulus.Network.ITime.get_OneSeconds()
DA:29,0
FN:33,System.Int64 Regulus.Network.Time::Regulus.Network.ITime.get_Now()
FNDA:0,System.Int64 Regulus.Network.Time::Regulus.Network.ITime.get_Now()
DA:34,0
DA:35,0
DA:36,0
DA:37,0
DA:40,0
FN:45,System.Int64 Regulus.Network.Time::Regulus.Network.ITime.get_Delta()
FNDA:0,System.Int64 Regulus.Network.Time::Regulus.Network.ITime.get_Delta()
DA:46,0
DA:47,0
DA:48,0
DA:49,0
DA:52,0
FN:55,System.Void Regulus.Network.Time::Regulus.Network.ITime.Sample()
FNDA:0,System.Void Regulus.Network.Time::Regulus.Network.ITime.Sample()
DA:56,0
DA:57,0
DA:58,0
DA:59,0
DA:60,0
DA:61,0
DA:62,0
DA:64,0
FN:19,System.Void Regulus.Network.Time::.ctor()
FNDA:0,System.Void Regulus.Network.Time::.ctor()
DA:20,0
DA:21,0
DA:22,0
DA:23,0
DA:24,0
DA:26,0
DA:28,0
LF:26
LH:0
BRF:0
BRH:0
FNF:5
FNH:0
end_of_record
SF:D:\develop\Regulus\Regulus.Network\Line.cs
FN:39,System.Void Regulus.Network.Line::ResetTimeout()
FNDA:0,System.Void Regulus.Network.Line::ResetTimeout()
DA:40,0
DA:41,0
DA:42,0
FN:44,System.Void Regulus.Network.Line::WriteOperation(Regulus.Network.Package.PeerOperation)
FNDA:0,System.Void Regulus.Network.Line::WriteOperation(Regulus.Network.Package.PeerOperation)
DA:45,0
DA:46,0
DA:47,0
DA:49,0
FN:50,System.Void Regulus.Network.Line::WriteTransmission(System.Byte[])
FNDA:0,System.Void Regulus.Network.Line::WriteTransmission(System.Byte[])
DA:51,0
DA:52,0
DA:53,0
DA:54,0
DA:55,0
DA:56,0
DA:57,0
DA:58,0
BRDA:53,74,1,0
BRDA:53,74,0,0
FN:60,Regulus.Network.Package.SocketMessage Regulus.Network.Line::Read()
FNDA:0,Regulus.Network.Package.SocketMessage Regulus.Network.Line::Read()
DA:61,0
DA:62,0
DA:63,0
FN:66,System.Int32 Regulus.Network.Line::get_AcknowledgeCount()
FNDA:0,System.Int32 Regulus.Network.Line::get_AcknowledgeCount()
DA:67,0
FN:67,System.Int32 Regulus.Network.Line::get_WaitSendCount()
FNDA:0,System.Int32 Regulus.Network.Line::get_WaitSendCount()
DA:68,0
FN:68,System.Int32 Regulus.Network.Line::get_SendBytes()
FNDA:0,System.Int32 Regulus.Network.Line::get_SendBytes()
DA:69,0
FN:69,System.Int32 Regulus.Network.Line::get_ReceiveBytes()
FNDA:0,System.Int32 Regulus.Network.Line::get_ReceiveBytes()
DA:70,0
FN:70,System.Int64 Regulus.Network.Line::get_Srtt()
FNDA:0,System.Int64 Regulus.Network.Line::get_Srtt()
DA:71,0
FN:71,System.Int64 Regulus.Network.Line::get_Rto()
FNDA:0,System.Int64 Regulus.Network.Line::get_Rto()
DA:72,0
FN:72,System.Int32 Regulus.Network.Line::get_SendedPackages()
FNDA:0,System.Int32 Regulus.Network.Line::get_SendedPackages()
DA:73,0
FN:73,System.Int32 Regulus.Network.Line::get_SendLostPackages()
FNDA:0,System.Int32 Regulus.Network.Line::get_SendLostPackages()
DA:74,0
FN:74,System.Int32 Regulus.Network.Line::get_ReceivePackages()
FNDA:0,System.Int32 Regulus.Network.Line::get_ReceivePackages()
DA:75,0
FN:75,System.Int32 Regulus.Network.Line::get_ReceiveInvalidPackages()
FNDA:0,System.Int32 Regulus.Network.Line::get_ReceiveInvalidPackages()
DA:76,0
FN:76,System.Int64 Regulus.Network.Line::get_LastRtt()
FNDA:0,System.Int64 Regulus.Network.Line::get_LastRtt()
DA:77,0
FN:77,System.Int32 Regulus.Network.Line::get_SendBlock()
FNDA:0,System.Int32 Regulus.Network.Line::get_SendBlock()
DA:78,0
FN:78,System.Int64 Regulus.Network.Line::get_LastRto()
FNDA:0,System.Int64 Regulus.Network.Line::get_LastRto()
DA:79,0
FN:79,System.Int32 Regulus.Network.Line::get_ReceiveBlock()
FNDA:0,System.Int32 Regulus.Network.Line::get_ReceiveBlock()
DA:80,0
FN:81,System.Int32 Regulus.Network.Line::get_ReceiveNumber()
FNDA:0,System.Int32 Regulus.Network.Line::get_ReceiveNumber()
DA:82,0
FN:83,System.Int32 Regulus.Network.Line::get_SendNumber()
FNDA:0,System.Int32 Regulus.Network.Line::get_SendNumber()
DA:84,0
FN:86,System.Void Regulus.Network.Line::Input(Regulus.Network.Package.SocketMessage)
FNDA:0,System.Void Regulus.Network.Line::Input(Regulus.Network.Package.SocketMessage)
DA:87,0
DA:88,0
DA:92,0
FN:94,System.Void Regulus.Network.Line::SendPing()
FNDA:0,System.Void Regulus.Network.Line::SendPing()
DA:95,0
DA:96,0
DA:97,0
FN:99,System.Void Regulus.Network.Line::SendAck(System.UInt16,System.UInt32)
FNDA:0,System.Void Regulus.Network.Line::SendAck(System.UInt16,System.UInt32)
DA:100,0
DA:101,0
DA:102,0
DA:103,0
FN:105,System.Boolean Regulus.Network.Line::Tick(Regulus.Network.Timestamp)
FNDA:0,System.Boolean Regulus.Network.Line::Tick(Regulus.Network.Timestamp)
DA:106,0
DA:107,0
DA:108,0
DA:109,0
DA:111,0
DA:112,0
DA:113,0
DA:115,0
DA:116,0
DA:117,0
DA:118,0
BRDA:108,32,0,0
BRDA:108,32,1,0
FN:120,System.Void Regulus.Network.Line::HandleInput(Regulus.Network.Timestamp)
FNDA:0,System.Void Regulus.Network.Line::HandleInput(Regulus.Network.Timestamp)
DA:121,0
DA:122,0
DA:123,0
DA:124,0
DA:125,0
DA:126,0
DA:127,0
DA:128,0
BRDA:123,70,1,0
BRDA:123,50,0,0
BRDA:123,50,1,0
BRDA:123,70,0,0
FN:131,System.Void Regulus.Network.Line::HandlePing(Regulus.Network.Timestamp)
FNDA:0,System.Void Regulus.Network.Line::HandlePing(Regulus.Network.Timestamp)
DA:132,0
DA:133,0
DA:134,0
DA:135,0
DA:136,0
DA:137,0
DA:138,0
DA:139,0
DA:140,0
BRDA:134,35,0,0
BRDA:137,59,0,0
BRDA:137,59,1,0
BRDA:134,35,1,0
FN:142,System.Void Regulus.Network.Line::HandleReceive(Regulus.Network.Timestamp)
FNDA:0,System.Void Regulus.Network.Line::HandleReceive(Regulus.Network.Timestamp)
DA:143,0
DA:144,0
DA:145,0
DA:146,0
DA:147,0
DA:149,0
DA:150,0
DA:151,0
DA:152,0
DA:155,0
DA:156,0
DA:158,0
DA:166,0
DA:167,0
DA:168,0
DA:169,0
DA:170,0
DA:171,0
DA:175,0
DA:176,0
DA:177,0
DA:180,0
BRDA:145,207,1,0
BRDA:155,76,0,0
BRDA:155,76,1,0
BRDA:166,89,0,0
BRDA:168,111,0,0
BRDA:168,111,1,0
BRDA:166,89,1,0
BRDA:145,207,0,0
FN:182,Regulus.Network.Package.SocketMessage Regulus.Network.Line::Dequeue()
FNDA:0,Regulus.Network.Package.SocketMessage Regulus.Network.Line::Dequeue()
DA:183,0
DA:185,0
DA:186,0
DA:187,0
DA:191,0
BRDA:185,16,0,0
BRDA:185,16,1,0
FN:193,System.Void Regulus.Network.Line::HandleResend(Regulus.Network.Timestamp)
FNDA:0,System.Void Regulus.Network.Line::HandleResend(Regulus.Network.Timestamp)
DA:194,0
DA:195,0
DA:197,0
DA:198,0
DA:199,0
DA:202,0
DA:203,0
BRDA:198,65,1,0
BRDA:198,65,0,0
FN:206,System.Void Regulus.Network.Line::HandleOutput(Regulus.Network.Timestamp)
FNDA:0,System.Void Regulus.Network.Line::HandleOutput(Regulus.Network.Timestamp)
DA:207,0
DA:211,0
DA:212,0
DA:213,0
DA:215,0
DA:217,0
DA:218,0
DA:219,0
DA:221,0
BRDA:212,70,1,0
BRDA:212,70,0,0
FN:223,Regulus.Network.Package.SocketMessage Regulus.Network.Line::PopSend()
FNDA:0,Regulus.Network.Package.SocketMessage Regulus.Network.Line::PopSend()
DA:224,0
DA:226,0
DA:227,0
DA:228,0
DA:229,0
BRDA:226,16,0,0
BRDA:226,16,1,0
FN:231,System.Void Regulus.Network.Line::MessageSendResult(Regulus.Network.Package.SocketMessage)
FNDA:0,System.Void Regulus.Network.Line::MessageSendResult(Regulus.Network.Package.SocketMessage)
DA:232,0
DA:235,0
FN:23,System.Void Regulus.Network.Line::.ctor(System.Net.EndPoint)
FNDA:0,System.Void Regulus.Network.Line::.ctor(System.Net.EndPoint)
DA:24,0
DA:25,0
DA:26,0
DA:27,0
DA:28,0
DA:30,0
DA:31,0
DA:32,0
DA:34,0
DA:36,0
DA:37,0
LF:133
LH:0
BRF:28
BRH:0
FNF:33
FNH:0
end_of_record
SF:D:\develop\Regulus\Regulus.Network\PackageRectifier.cs
FN:13,System.UInt16 Regulus.Network.PackageRectifier::get_Serial()
FNDA:0,System.UInt16 Regulus.Network.PackageRectifier::get_Serial()
DA:14,0
FN:14,System.UInt32 Regulus.Network.PackageRectifier::get_SerialBitFields()
FNDA:0,System.UInt32 Regulus.Network.PackageRectifier::get_SerialBitFields()
DA:15,0
FN:15,System.Int32 Regulus.Network.PackageRectifier::get_Count()
FNDA:0,System.Int32 Regulus.Network.PackageRectifier::get_Count()
DA:16,0
FN:25,System.Boolean Regulus.Network.PackageRectifier::PushPackage(Regulus.Network.Package.SocketMessage)
FNDA:0,System.Boolean Regulus.Network.PackageRectifier::PushPackage(Regulus.Network.Package.SocketMessage)
DA:26,0
DA:27,0
DA:28,0
DA:30,0
DA:31,0
DA:32,0
DA:34,0
DA:35,0
DA:38,0
DA:39,0
DA:40,0
DA:42,0
DA:43,0
DA:45,0
DA:46,0
DA:48,0
DA:50,0
DA:51,0
BRDA:30,22,0,0
BRDA:30,22,1,0
BRDA:30,36,0,0
BRDA:34,66,0,0
BRDA:34,66,1,0
BRDA:39,158,1,0
BRDA:42,121,0,0
BRDA:42,121,1,0
BRDA:39,158,0,0
BRDA:30,36,1,0
FN:53,System.Boolean Regulus.Network.PackageRectifier::SerialMoreRecent(System.UInt16)
FNDA:0,System.Boolean Regulus.Network.PackageRectifier::SerialMoreRecent(System.UInt16)
DA:54,0
DA:55,0
DA:56,0
DA:57,0
DA:58,0
DA:59,0
DA:60,0
BRDA:55,8,0,0
BRDA:55,8,1,0
BRDA:55,23,0,0
BRDA:55,32,0,0
BRDA:55,32,1,0
BRDA:55,23,1,0
FN:62,Regulus.Network.Package.SocketMessage Regulus.Network.PackageRectifier::PopPackage()
FNDA:0,Regulus.Network.Package.SocketMessage Regulus.Network.PackageRectifier::PopPackage()
DA:63,0
DA:65,0
DA:66,0
DA:67,0
DA:68,0
BRDA:65,16,0,0
BRDA:65,16,1,0
FN:70,System.UInt16 Regulus.Network.PackageRectifier::Rectify(System.UInt16)
FNDA:0,System.UInt16 Regulus.Network.PackageRectifier::Rectify(System.UInt16)
DA:71,0
DA:72,0
DA:73,0
DA:75,0
DA:76,0
DA:77,0
DA:79,0
DA:80,0
DA:81,0
DA:82,0
DA:83,0
DA:85,0
DA:86,0
BRDA:75,55,1,0
BRDA:75,55,0,0
BRDA:82,98,1,0
BRDA:82,98,0,0
FN:17,System.Void Regulus.Network.PackageRectifier::.ctor()
FNDA:0,System.Void Regulus.Network.PackageRectifier::.ctor()
DA:18,0
DA:19,0
DA:21,0
DA:22,0
DA:23,0
DA:24,0
LF:52
LH:0
BRF:22
BRH:0
FNF:8
FNH:0
end_of_record
SF:D:\develop\Regulus\Regulus.Network\PeerConnecter.cs
FN:21,System.Void Regulus.Network.PeerConnecter::Regulus.Utility.IStatus<Regulus.Network.Timestamp>.Enter()
FNDA:0,System.Void Regulus.Network.PeerConnecter::Regulus.Utility.IStatus<Regulus.Network.Timestamp>.Enter()
DA:22,0
DA:23,0
DA:24,0
FN:26,System.Void Regulus.Network.PeerConnecter::Regulus.Utility.IStatus<Regulus.Network.Timestamp>.Leave()
FNDA:0,System.Void Regulus.Network.PeerConnecter::Regulus.Utility.IStatus<Regulus.Network.Timestamp>.Leave()
DA:27,0
DA:29,0
FN:31,System.Void Regulus.Network.PeerConnecter::Regulus.Utility.IStatus<Regulus.Network.Timestamp>.Update(Regulus.Network.Timestamp)
FNDA:0,System.Void Regulus.Network.PeerConnecter::Regulus.Utility.IStatus<Regulus.Network.Timestamp>.Update(Regulus.Network.Timestamp)
DA:32,0
DA:33,0
DA:34,0
DA:35,0
DA:36,0
DA:37,0
DA:40,0
DA:41,0
DA:42,0
DA:43,0
DA:44,0
DA:45,0
DA:46,0
DA:47,0
DA:48,0
DA:49,0
DA:51,0
BRDA:34,43,0,0
BRDA:34,43,1,0
BRDA:41,78,0,0
BRDA:44,96,0,0
BRDA:44,96,1,0
BRDA:41,78,1,0
FN:15,System.Void Regulus.Network.PeerConnecter::.ctor(Regulus.Network.Line)
FNDA:0,System.Void Regulus.Network.PeerConnecter::.ctor(Regulus.Network.Line)
DA:16,0
DA:17,0
DA:18,0
DA:19,0
LF:26
LH:0
BRF:6
BRH:0
FNF:4
FNH:0
end_of_record
SF:D:\develop\Regulus\Regulus.Network\PeerDisconnecter.cs
FN:17,System.Void Regulus.Network.PeerDisconnecter::Regulus.Utility.IStatus<Regulus.Network.Timestamp>.Enter()
FNDA:0,System.Void Regulus.Network.PeerDisconnecter::Regulus.Utility.IStatus<Regulus.Network.Timestamp>.Enter()
DA:18,0
DA:20,0
FN:22,System.Void Regulus.Network.PeerDisconnecter::Regulus.Utility.IStatus<Regulus.Network.Timestamp>.Leave()
FNDA:0,System.Void Regulus.Network.PeerDisconnecter::Regulus.Utility.IStatus<Regulus.Network.Timestamp>.Leave()
DA:23,0
DA:25,0
FN:27,System.Void Regulus.Network.PeerDisconnecter::Regulus.Utility.IStatus<Regulus.Network.Timestamp>.Update(Regulus.Network.Timestamp)
FNDA:0,System.Void Regulus.Network.PeerDisconnecter::Regulus.Utility.IStatus<Regulus.Network.Timestamp>.Update(Regulus.Network.Timestamp)
DA:28,0
DA:29,0
DA:30,0
DA:31,0
BRDA:29,17,0,0
BRDA:29,17,1,0
FN:10,System.Void Regulus.Network.PeerDisconnecter::.ctor(Regulus.Network.Line)
FNDA:0,System.Void Regulus.Network.PeerDisconnecter::.ctor(Regulus.Network.Line)
DA:11,0
DA:12,0
DA:14,0
DA:15,0
LF:12
LH:0
BRF:2
BRH:0
FNF:4
FNH:0
end_of_record
SF:D:\develop\Regulus\Regulus.Network\PeerListener.cs
FN:22,System.Void Regulus.Network.PeerListener::Regulus.Utility.IStatus<Regulus.Network.Timestamp>.Enter()
FNDA:0,System.Void Regulus.Network.PeerListener::Regulus.Utility.IStatus<Regulus.Network.Timestamp>.Enter()
DA:23,0
DA:24,0
DA:25,0
FN:27,System.Void Regulus.Network.PeerListener::ListenRequestUpdate(Regulus.Network.Timestamp)
FNDA:0,System.Void Regulus.Network.PeerListener::ListenRequestUpdate(Regulus.Network.Timestamp)
DA:28,0
DA:30,0
DA:32,0
DA:33,0
DA:34,0
DA:35,0
DA:38,0
DA:39,0
DA:40,0
DA:41,0
DA:42,0
DA:43,0
DA:44,0
DA:45,0
DA:46,0
DA:50,0
BRDA:32,43,0,0
BRDA:32,43,1,0
BRDA:39,78,1,0
BRDA:42,97,0,0
BRDA:39,78,0,0
BRDA:42,97,1,0
FN:52,System.Void Regulus.Network.PeerListener::ListenAckUpdate(Regulus.Network.Timestamp)
FNDA:0,System.Void Regulus.Network.PeerListener::ListenAckUpdate(Regulus.Network.Timestamp)
DA:53,0
DA:54,0
DA:56,0
DA:57,0
DA:58,0
DA:59,0
DA:62,0
DA:63,0
DA:64,0
DA:66,0
DA:67,0
DA:68,0
DA:69,0
BRDA:56,43,0,0
BRDA:56,43,1,0
BRDA:63,78,1,0
BRDA:67,97,0,0
BRDA:63,78,0,0
BRDA:67,97,1,0
FN:71,System.Void Regulus.Network.PeerListener::Empty()
FNDA:0,System.Void Regulus.Network.PeerListener::Empty()
DA:72,0
DA:74,0
FN:76,System.Void Regulus.Network.PeerListener::Regulus.Utility.IStatus<Regulus.Network.Timestamp>.Leave()
FNDA:0,System.Void Regulus.Network.PeerListener::Regulus.Utility.IStatus<Regulus.Network.Timestamp>.Leave()
DA:77,0
DA:78,0
DA:79,0
FN:81,System.Void Regulus.Network.PeerListener::Regulus.Utility.IStatus<Regulus.Network.Timestamp>.Update(Regulus.Network.Timestamp)
FNDA:0,System.Void Regulus.Network.PeerListener::Regulus.Utility.IStatus<Regulus.Network.Timestamp>.Update(Regulus.Network.Timestamp)
DA:82,0
DA:83,0
DA:86,0
FN:16,System.Void Regulus.Network.PeerListener::.ctor(Regulus.Network.Line)
FNDA:0,System.Void Regulus.Network.PeerListener::.ctor(Regulus.Network.Line)
DA:17,0
DA:18,0
DA:19,0
DA:20,0
DA:21,0
LF:45
LH:0
BRF:12
BRH:0
FNF:7
FNH:0
end_of_record
SF:D:\develop\Regulus\Regulus.Network\PeerTransmission.cs
FN:25,System.Void Regulus.Network.PeerTransmission::Regulus.Utility.IStatus<Regulus.Network.Timestamp>.Enter()
FNDA:0,System.Void Regulus.Network.PeerTransmission::Regulus.Utility.IStatus<Regulus.Network.Timestamp>.Enter()
DA:26,0
DA:28,0
FN:30,System.Void Regulus.Network.PeerTransmission::Regulus.Utility.IStatus<Regulus.Network.Timestamp>.Leave()
FNDA:0,System.Void Regulus.Network.PeerTransmission::Regulus.Utility.IStatus<Regulus.Network.Timestamp>.Leave()
DA:31,0
DA:32,0
DA:33,0
FN:35,System.Void Regulus.Network.PeerTransmission::Regulus.Utility.IStatus<Regulus.Network.Timestamp>.Update(Regulus.Network.Timestamp)
FNDA:0,System.Void Regulus.Network.PeerTransmission::Regulus.Utility.IStatus<Regulus.Network.Timestamp>.Update(Regulus.Network.Timestamp)
DA:36,0
DA:41,0
DA:42,0
DA:43,0
DA:44,0
DA:46,0
DA:47,0
DA:48,0
DA:49,0
DA:50,0
DA:51,0
DA:53,0
DA:54,0
DA:55,0
DA:56,0
DA:57,0
DA:59,0
BRDA:41,87,1,0
BRDA:47,27,0,0
BRDA:47,27,1,0
BRDA:49,52,0,0
BRDA:49,52,1,0
BRDA:41,87,0,0
BRDA:54,133,0,0
BRDA:54,133,1,0
FN:15,System.Void Regulus.Network.PeerTransmission::.ctor(Regulus.Network.Line,Regulus.Network.SegmentStream)
FNDA:0,System.Void Regulus.Network.PeerTransmission::.ctor(Regulus.Network.Line,Regulus.Network.SegmentStream)
DA:16,0
DA:17,0
DA:19,0
DA:21,0
DA:22,0
DA:23,0
LF:28
LH:0
BRF:8
BRH:0
FNF:4
FNH:0
end_of_record
SF:D:\develop\Regulus\Regulus.Network\RetransmissionTimeOut.cs
FN:7,System.Int64 Regulus.Network.RetransmissionTimeOut::get_Value()
FNDA:0,System.Int64 Regulus.Network.RetransmissionTimeOut::get_Value()
DA:8,0
FN:8,System.Int64 Regulus.Network.RetransmissionTimeOut::get_Rtt()
FNDA:0,System.Int64 Regulus.Network.RetransmissionTimeOut::get_Rtt()
DA:9,0
FN:17,System.Void Regulus.Network.RetransmissionTimeOut::Update(System.Int64,System.Int64)
FNDA:0,System.Void Regulus.Network.RetransmissionTimeOut::Update(System.Int64,System.Int64)
DA:18,0
DA:19,0
DA:20,0
DA:21,0
DA:22,0
DA:23,0
FN:25,System.Void Regulus.Network.RetransmissionTimeOut::Reset()
FNDA:0,System.Void Regulus.Network.RetransmissionTimeOut::Reset()
DA:26,0
DA:27,0
DA:28,0
DA:29,0
DA:31,0
DA:32,0
FN:34,System.Int64 Regulus.Network.RetransmissionTimeOut::Abs(System.Int64)
FNDA:0,System.Int64 Regulus.Network.RetransmissionTimeOut::Abs(System.Int64)
DA:35,0
DA:36,0
DA:37,0
BRDA:36,4,0,0
BRDA:36,4,1,0
FN:39,System.Int64 Regulus.Network.RetransmissionTimeOut::Max(System.Int64,System.Int64)
FNDA:0,System.Int64 Regulus.Network.RetransmissionTimeOut::Max(System.Int64,System.Int64)
DA:40,0
DA:41,0
DA:42,0
BRDA:41,3,0,0
BRDA:41,3,1,0
FN:10,System.Void Regulus.Network.RetransmissionTimeOut::.ctor()
FNDA:0,System.Void Regulus.Network.RetransmissionTimeOut::.ctor()
DA:11,0
DA:12,0
DA:13,0
DA:15,0
LF:24
LH:0
BRF:4
BRH:0
FNF:7
FNH:0
end_of_record
SF:D:\develop\Regulus\Regulus.Network\SegmentStream.cs
FN:10,System.Int32 Regulus.Network.SegmentStream::get_Length()
FNDA:0,System.Int32 Regulus.Network.SegmentStream::get_Length()
DA:11,0
FN:11,System.Int32 Regulus.Network.SegmentStream::get_Count()
FNDA:0,System.Int32 Regulus.Network.SegmentStream::get_Count()
DA:12,0
FN:22,System.Int32 Regulus.Network.SegmentStream::Read(System.Byte[],System.Int32,System.Int32)
FNDA:0,System.Int32 Regulus.Network.SegmentStream::Read(System.Byte[],System.Int32,System.Int32)
DA:23,0
DA:24,0
DA:25,0
DA:26,0
DA:27,0
DA:28,0
DA:29,0
DA:30,0
DA:31,0
DA:32,0
DA:33,0
DA:34,0
DA:37,0
DA:39,0
DA:40,0
DA:41,0
DA:42,0
DA:43,0
DA:45,0
DA:46,0
DA:47,0
DA:48,0
DA:49,0
DA:50,0
DA:51,0
DA:52,0
DA:54,0
DA:56,0
DA:59,0
BRDA:26,24,0,0
BRDA:26,24,1,0
BRDA:30,202,1,0
BRDA:34,73,0,0
BRDA:34,73,1,0
BRDA:39,118,0,0
BRDA:39,118,1,0
BRDA:30,189,0,0
BRDA:30,189,1,0
BRDA:30,202,0,0
FN:61,System.Byte Regulus.Network.SegmentStream::get_Item(System.Int32)
FNDA:0,System.Byte Regulus.Network.SegmentStream::get_Item(System.Int32)
DA:62,0
FN:64,System.Byte Regulus.Network.SegmentStream::Get(System.Int32)
FNDA:0,System.Byte Regulus.Network.SegmentStream::Get(System.Int32)
DA:65,0
DA:66,0
DA:67,0
DA:68,0
DA:69,0
DA:70,0
DA:71,0
DA:72,0
DA:73,0
DA:74,0
DA:75,0
DA:76,0
DA:78,0
DA:79,0
DA:81,0
DA:84,0
BRDA:68,108,1,0
BRDA:72,55,0,0
BRDA:72,55,1,0
BRDA:68,108,0,0
FN:86,System.Void Regulus.Network.SegmentStream::Add(Regulus.Network.Package.SocketMessage)
FNDA:0,System.Void Regulus.Network.SegmentStream::Add(Regulus.Network.Package.SocketMessage)
DA:87,0
DA:88,0
DA:89,0
DA:91,0
FN:14,System.Void Regulus.Network.SegmentStream::.ctor(Regulus.Network.Package.SocketMessage[])
FNDA:0,System.Void Regulus.Network.SegmentStream::.ctor(Regulus.Network.Package.SocketMessage[])
DA:15,0
DA:16,0
DA:17,0
DA:18,0
DA:19,0
LF:57
LH:0
BRF:14
BRH:0
FNF:7
FNH:0
end_of_record
SF:D:\develop\Regulus\Regulus.Network\Socket.cs
FN:57,System.Void Regulus.Network.Socket::ToTransmission()
FNDA:0,System.Void Regulus.Network.Socket::ToTransmission()
DA:58,0
DA:59,0
DA:60,0
DA:61,0
DA:62,0
DA:63,0
FN:70,System.Boolean Regulus.Network.Socket::Regulus.Utility.IUpdatable<Regulus.Network.Timestamp>.Update(Regulus.Network.Timestamp)
FNDA:0,System.Boolean Regulus.Network.Socket::Regulus.Utility.IUpdatable<Regulus.Network.Timestamp>.Update(Regulus.Network.Timestamp)
DA:71,0
DA:72,0
DA:73,0
DA:74,0
FN:76,System.Void Regulus.Network.Socket::Regulus.Utility.IBootable.Launch()
FNDA:0,System.Void Regulus.Network.Socket::Regulus.Utility.IBootable.Launch()
DA:77,0
DA:79,0
FN:83,System.Void Regulus.Network.Socket::Regulus.Utility.IBootable.Shutdown()
FNDA:0,System.Void Regulus.Network.Socket::Regulus.Utility.IBootable.Shutdown()
DA:84,0
DA:85,0
DA:86,0
FN:90,System.Net.EndPoint Regulus.Network.Socket::get_EndPoint()
FNDA:0,System.Net.EndPoint Regulus.Network.Socket::get_EndPoint()
DA:91,0
FN:93,System.Threading.Tasks.Task`1<System.Int32> Regulus.Network.Socket::Send(System.Byte[],System.Int32,System.Int32)
FNDA:0,System.Threading.Tasks.Task`1<System.Int32> Regulus.Network.Socket::Send(System.Byte[],System.Int32,System.Int32)
DA:94,0
DA:96,0
DA:97,0
DA:98,0
DA:99,0
DA:100,0
DA:101,0
DA:103,0
FN:107,System.Threading.Tasks.Task`1<System.Int32> Regulus.Network.Socket::Receive(System.Byte[],System.Int32,System.Int32)
FNDA:0,System.Threading.Tasks.Task`1<System.Int32> Regulus.Network.Socket::Receive(System.Byte[],System.Int32,System.Int32)
DA:108,0
DA:110,0
DA:111,0
DA:112,0
DA:113,0
DA:114,0
DA:115,0
DA:116,0
DA:117,0
DA:118,0
DA:119,0
DA:120,0
DA:121,0
DA:124,0
BRDA:115,66,1,0
BRDA:115,66,0,0
FN:125,Regulus.Network.PeerStatus Regulus.Network.Socket::get_Status()
FNDA:0,Regulus.Network.PeerStatus Regulus.Network.Socket::get_Status()
DA:126,0
FN:128,System.Void Regulus.Network.Socket::Disconnect()
FNDA:0,System.Void Regulus.Network.Socket::Disconnect()
DA:129,0
DA:130,0
DA:131,0
FN:134,System.Void Regulus.Network.Socket::_Disconnect()
FNDA:0,System.Void Regulus.Network.Socket::_Disconnect()
DA:135,0
DA:136,0
DA:137,0
DA:138,0
DA:139,0
DA:140,0
DA:141,0
DA:142,0
DA:144,0
BRDA:136,12,0,0
BRDA:136,12,1,0
FN:146,System.Void Regulus.Network.Socket::ToClose()
FNDA:0,System.Void Regulus.Network.Socket::ToClose()
DA:147,0
DA:148,0
DA:149,0
DA:150,0
DA:151,0
FN:155,System.Void Regulus.Network.Socket::Break()
FNDA:0,System.Void Regulus.Network.Socket::Break()
DA:156,0
DA:157,0
DA:158,0
DA:159,0
BRDA:157,12,0,0
BRDA:157,12,1,0
FN:28,System.Void Regulus.Network.Socket::.ctor(Regulus.Network.Line)
FNDA:0,System.Void Regulus.Network.Socket::.ctor(Regulus.Network.Line)
DA:29,0
DA:30,0
DA:31,0
DA:35,0
DA:36,0
DA:39,0
FN:39,System.Void Regulus.Network.Socket::.ctor(Regulus.Network.Line,Regulus.Network.PeerListener)
FNDA:0,System.Void Regulus.Network.Socket::.ctor(Regulus.Network.Line,Regulus.Network.PeerListener)
DA:40,0
DA:41,0
DA:42,0
DA:43,0
DA:44,0
DA:45,0
DA:46,0
FN:47,System.Void Regulus.Network.Socket::.ctor(Regulus.Network.Line,Regulus.Network.PeerConnecter)
FNDA:0,System.Void Regulus.Network.Socket::.ctor(Regulus.Network.Line,Regulus.Network.PeerConnecter)
DA:48,0
DA:49,0
DA:50,0
DA:51,0
DA:52,0
DA:53,0
LF:79
LH:0
BRF:6
BRH:0
FNF:15
FNH:0
end_of_record
SF:D:\develop\Regulus\Regulus.Network\SocketMessageFactory.cs
FN:20,Regulus.Network.Package.SocketMessage Regulus.Network.SocketMessageFactory::Spawn()
FNDA:0,Regulus.Network.Package.SocketMessage Regulus.Network.SocketMessageFactory::Spawn()
DA:21,0
DA:22,0
DA:23,0
FN:9,System.Void Regulus.Network.SocketMessageFactory::.ctor()
FNDA:0,System.Void Regulus.Network.SocketMessageFactory::.ctor()
DA:10,0
DA:11,0
DA:12,0
DA:13,0
FN:14,System.Void Regulus.Network.SocketMessageFactory::.ctor(System.Int32)
FNDA:0,System.Void Regulus.Network.SocketMessageFactory::.ctor(System.Int32)
DA:15,0
DA:16,0
DA:17,0
DA:18,0
LF:11
LH:0
BRF:0
BRH:0
FNF:3
FNH:0
end_of_record
SF:D:\develop\Regulus\Regulus.Network\SocketMessageProvider.cs
FN:15,Regulus.Network.Package.SocketMessageInternal Regulus.Network.SocketMessageProvider::Regulus.Network.IObjectProvider<Regulus.Network.Package.SocketMessageInternal>.Spawn()
FNDA:0,Regulus.Network.Package.SocketMessageInternal Regulus.Network.SocketMessageProvider::Regulus.Network.IObjectProvider<Regulus.Network.Package.SocketMessageInternal>.Spawn()
DA:16,0
DA:17,0
DA:18,0
FN:10,System.Void Regulus.Network.SocketMessageProvider::.ctor(System.Int32)
FNDA:0,System.Void Regulus.Network.SocketMessageProvider::.ctor(System.Int32)
DA:11,0
DA:12,0
DA:13,0
DA:14,0
LF:7
LH:0
BRF:0
BRH:0
FNF:2
FNH:0
end_of_record
SF:D:\develop\Regulus\Regulus.Network\SocketRecevier.cs
FN:32,System.Void Regulus.Network.SocketRecevier::Start()
FNDA:0,System.Void Regulus.Network.SocketRecevier::Start()
DA:33,0
DA:34,0
DA:35,0
FN:37,System.Void Regulus.Network.SocketRecevier::Begin()
FNDA:0,System.Void Regulus.Network.SocketRecevier::Begin()
DA:38,0
DA:39,0
DA:42,0
DA:43,0
DA:44,0
DA:45,0
DA:46,0
DA:47,0
DA:48,0
DA:49,0
DA:50,0
DA:51,0
DA:52,0
DA:53,0
DA:54,0
DA:55,0
DA:56,0
DA:57,0
DA:58,0
DA:59,0
DA:61,0
DA:62,0
FN:64,System.Void Regulus.Network.SocketRecevier::End(System.IAsyncResult)
FNDA:0,System.Void Regulus.Network.SocketRecevier::End(System.IAsyncResult)
DA:65,0
DA:66,0
DA:68,0
DA:69,0
DA:70,0
DA:71,0
DA:72,0
DA:73,0
DA:74,0
DA:75,0
DA:76,0
DA:77,0
DA:80,0
DA:81,0
DA:82,0
DA:83,0
DA:84,0
DA:85,0
DA:86,0
DA:87,0
FN:90,Regulus.Network.Package.SocketMessage[] Regulus.Network.SocketRecevier::Received()
FNDA:0,Regulus.Network.Package.SocketMessage[] Regulus.Network.SocketRecevier::Received()
DA:91,0
DA:93,0
DA:94,0
DA:95,0
DA:96,0
DA:97,0
DA:100,0
FN:19,System.Void Regulus.Network.SocketRecevier::.ctor(System.Net.Sockets.Socket,Regulus.Network.SocketMessageFactory)
FNDA:0,System.Void Regulus.Network.SocketRecevier::.ctor(System.Net.Sockets.Socket,Regulus.Network.SocketMessageFactory)
DA:20,0
DA:21,0
DA:23,0
DA:25,0
DA:26,0
DA:28,0
DA:30,0
LF:59
LH:0
BRF:0
BRH:0
FNF:5
FNH:0
end_of_record
SF:D:\develop\Regulus\Regulus.Network\SocketSender.cs
FN:32,System.Void Regulus.Network.SocketSender::_Run(System.Object)
FNDA:0,System.Void Regulus.Network.SocketSender::_Run(System.Object)
DA:33,0
DA:34,0
DA:36,0
DA:37,0
DA:38,0
DA:41,0
DA:42,0
DA:43,0
DA:44,0
DA:45,0
DA:46,0
DA:48,0
DA:49,0
DA:50,0
DA:53,0
DA:55,0
DA:57,0
DA:59,0
DA:60,0
DA:61,0
DA:62,0
DA:63,0
DA:65,0
DA:67,0
DA:76,0
DA:78,0
BRDA:36,196,1,0
BRDA:43,64,0,0
BRDA:43,64,1,0
BRDA:36,196,0,0
FN:80,System.Void Regulus.Network.SocketSender::_Done(System.IAsyncResult)
FNDA:0,System.Void Regulus.Network.SocketSender::_Done(System.IAsyncResult)
DA:81,0
DA:82,0
DA:83,0
DA:84,0
FN:87,System.Void Regulus.Network.SocketSender::Transport(Regulus.Network.Package.SocketMessage)
FNDA:0,System.Void Regulus.Network.SocketSender::Transport(Regulus.Network.Package.SocketMessage)
DA:88,0
DA:89,0
DA:90,0
DA:91,0
DA:92,0
DA:93,0
DA:95,0
FN:98,System.Void Regulus.Network.SocketSender::Stop()
FNDA:0,System.Void Regulus.Network.SocketSender::Stop()
DA:99,0
DA:100,0
DA:101,0
FN:19,System.Void Regulus.Network.SocketSender::.ctor(System.Net.Sockets.Socket)
FNDA:0,System.Void Regulus.Network.SocketSender::.ctor(System.Net.Sockets.Socket)
DA:20,0
DA:21,0
DA:23,0
DA:24,0
DA:25,0
DA:26,0
DA:27,0
DA:30,0
LF:48
LH:0
BRF:4
BRH:0
FNF:5
FNH:0
end_of_record
SF:D:\develop\Regulus\Regulus.Network\Task.cs
FN:19,System.Void Regulus.Network.SendTask::Done(System.Int32)
FNDA:0,System.Void Regulus.Network.SendTask::Done(System.Int32)
DA:20,0
DA:21,0
DA:22,0
DA:23,0
DA:24,0
DA:25,0
BRDA:23,26,0,0
BRDA:23,26,1,0
FN:30,System.Void Regulus.Network.SendTask::add_DoneEvent(System.Action`1<System.Int32>)
FNDA:0,System.Void Regulus.Network.SendTask::add_DoneEvent(System.Action`1<System.Int32>)
DA:31,0
DA:32,0
DA:33,0
DA:34,0
DA:35,0
BRDA:33,32,0,0
BRDA:33,32,1,0
FN:35,System.Void Regulus.Network.SendTask::remove_DoneEvent(System.Action`1<System.Int32>)
FNDA:0,System.Void Regulus.Network.SendTask::remove_DoneEvent(System.Action`1<System.Int32>)
DA:36,0
FN:13,System.Void Regulus.Network.SendTask::.ctor()
FNDA:0,System.Void Regulus.Network.SendTask::.ctor()
DA:14,0
DA:15,0
DA:16,0
DA:17,0
DA:18,0
LF:17
LH:0
BRF:4
BRH:0
FNF:4
FNH:0
end_of_record
SF:D:\develop\Regulus\Regulus.Network\Timestamp.cs
FN:12,System.Void Regulus.Network.Timestamp::.ctor(System.Int64,System.Int64)
FNDA:0,System.Void Regulus.Network.Timestamp::.ctor(System.Int64,System.Int64)
DA:13,0
DA:14,0
DA:15,0
DA:16,0
DA:17,0
FN:10,System.Void Regulus.Network.Timestamp::.cctor()
FNDA:0,System.Void Regulus.Network.Timestamp::.cctor()
DA:11,0
LF:6
LH:0
BRF:0
BRH:0
FNF:2
FNH:0
end_of_record
SF:D:\develop\Regulus\Regulus.Network\WiringOperator.cs
FN:39,System.Boolean Regulus.Network.WiringOperator::Regulus.Utility.IUpdatable<Regulus.Network.Timestamp>.Update(Regulus.Network.Timestamp)
FNDA:0,System.Boolean Regulus.Network.WiringOperator::Regulus.Utility.IUpdatable<Regulus.Network.Timestamp>.Update(Regulus.Network.Timestamp)
DA:40,0
DA:41,0
DA:43,0
DA:45,0
DA:46,0
DA:47,0
FN:51,System.Void Regulus.Network.WiringOperator::HandleDisconnect()
FNDA:0,System.Void Regulus.Network.WiringOperator::HandleDisconnect()
DA:52,0
DA:53,0
DA:54,0
DA:55,0
DA:57,0
DA:58,0
DA:59,0
BRDA:53,17,0,0
BRDA:53,17,1,0
FN:61,System.Void Regulus.Network.WiringOperator::HandleErrorDisconnect(System.Net.EndPoint)
FNDA:0,System.Void Regulus.Network.WiringOperator::HandleErrorDisconnect(System.Net.EndPoint)
DA:62,0
DA:65,0
DA:66,0
DA:67,0
BRDA:65,17,0,0
BRDA:65,17,1,0
FN:69,System.Void Regulus.Network.WiringOperator::SendOut(Regulus.Network.Package.SocketMessage)
FNDA:0,System.Void Regulus.Network.WiringOperator::SendOut(Regulus.Network.Package.SocketMessage)
DA:70,0
DA:71,0
DA:75,0
FN:76,System.Void Regulus.Network.WiringOperator::HandleReceive()
FNDA:0,System.Void Regulus.Network.WiringOperator::HandleReceive()
DA:77,0
DA:78,0
DA:81,0
DA:82,0
DA:83,0
DA:84,0
DA:85,0
DA:86,0
DA:87,0
DA:88,0
DA:89,0
DA:91,0
DA:92,0
DA:93,0
DA:95,0
DA:96,0
BRDA:81,103,1,0
BRDA:84,33,0,0
BRDA:87,59,0,0
BRDA:87,59,1,0
BRDA:84,33,1,0
BRDA:81,103,0,0
FN:98,System.Void Regulus.Network.WiringOperator::JoinLine(Regulus.Network.Line)
FNDA:0,System.Void Regulus.Network.WiringOperator::JoinLine(Regulus.Network.Line)
DA:99,0
DA:100,0
DA:101,0
DA:102,0
DA:103,0
FN:105,System.Void Regulus.Network.WiringOperator::HandleTimeout(Regulus.Network.Timestamp)
FNDA:0,System.Void Regulus.Network.WiringOperator::HandleTimeout(Regulus.Network.Timestamp)
DA:106,0
DA:107,0
DA:109,0
DA:110,0
DA:111,0
DA:112,0
DA:113,0
DA:114,0
DA:115,0
BRDA:110,67,1,0
BRDA:111,48,0,0
BRDA:111,48,1,0
BRDA:110,67,0,0
BRDA:113,105,1,0
BRDA:113,105,0,0
FN:117,System.Void Regulus.Network.WiringOperator::Remove(Regulus.Network.Line)
FNDA:0,System.Void Regulus.Network.WiringOperator::Remove(Regulus.Network.Line)
DA:118,0
DA:119,0
DA:120,0
DA:121,0
FN:123,System.Void Regulus.Network.WiringOperator::LeftLine(Regulus.Network.Line)
FNDA:0,System.Void Regulus.Network.WiringOperator::LeftLine(Regulus.Network.Line)
DA:124,0
DA:125,0
DA:126,0
DA:127,0
DA:128,0
FN:132,Regulus.Network.Line Regulus.Network.WiringOperator::Find(System.Net.EndPoint)
FNDA:0,Regulus.Network.Line Regulus.Network.WiringOperator::Find(System.Net.EndPoint)
DA:133,0
DA:135,0
DA:136,0
DA:138,0
DA:139,0
DA:140,0
DA:141,0
DA:142,0
BRDA:135,15,0,0
BRDA:135,15,1,0
BRDA:135,28,0,0
BRDA:135,28,1,0
FN:144,System.Void Regulus.Network.WiringOperator::Add(Regulus.Network.Line)
FNDA:0,System.Void Regulus.Network.WiringOperator::Add(Regulus.Network.Line)
DA:145,0
DA:146,0
DA:147,0
DA:148,0
FN:150,System.Void Regulus.Network.WiringOperator::Regulus.Utility.IBootable.Launch()
FNDA:0,System.Void Regulus.Network.WiringOperator::Regulus.Utility.IBootable.Launch()
DA:151,0
DA:152,0
DA:156,0
FN:160,System.Void Regulus.Network.WiringOperator::Regulus.Utility.IBootable.Shutdown()
FNDA:0,System.Void Regulus.Network.WiringOperator::Regulus.Utility.IBootable.Shutdown()
DA:161,0
DA:163,0
DA:164,0
FN:168,System.Void Regulus.Network.WiringOperator::Create(System.Net.EndPoint)
FNDA:0,System.Void Regulus.Network.WiringOperator::Create(System.Net.EndPoint)
DA:169,0
DA:170,0
DA:171,0
DA:172,0
DA:174,0
DA:177,0
BRDA:170,15,0,0
BRDA:170,15,1,0
FN:179,System.Void Regulus.Network.WiringOperator::Destroy(System.Net.EndPoint)
FNDA:0,System.Void Regulus.Network.WiringOperator::Destroy(System.Net.EndPoint)
DA:180,0
DA:182,0
DA:183,0
DA:185,0
BRDA:182,17,0,0
BRDA:182,17,1,0
FN:21,System.Void Regulus.Network.WiringOperator::.ctor(Regulus.Network.ISocketSendable,Regulus.Network.ISocketRecevieable,System.Boolean)
FNDA:0,System.Void Regulus.Network.WiringOperator::.ctor(Regulus.Network.ISocketSendable,Regulus.Network.ISocketRecevieable,System.Boolean)
DA:22,0
DA:23,0
DA:24,0
DA:25,0
DA:26,0
DA:27,0
DA:28,0
DA:29,0
DA:34,0
LF:96
LH:0
BRF:24
BRH:0
FNF:16
FNH:0
end_of_record
SF:D:\develop\Regulus\Regulus.Network\Web\Connecter.cs
FN:17,System.Threading.Tasks.Task`1<System.Boolean> Regulus.Network.Web.Connecter::Regulus.Network.IConnectable.Connect(System.Net.EndPoint)
FNDA:0,System.Threading.Tasks.Task`1<System.Boolean> Regulus.Network.Web.Connecter::Regulus.Network.IConnectable.Connect(System.Net.EndPoint)
DA:18,0
DA:19,0
DA:20,0
DA:21,0
DA:24,0
FN:26,System.Threading.Tasks.Task Regulus.Network.Web.Connecter::Regulus.Network.IConnectable.Disconnect()
FNDA:0,System.Threading.Tasks.Task Regulus.Network.Web.Connecter::Regulus.Network.IConnectable.Disconnect()
DA:27,0
DA:28,0
FN:31,System.Boolean Regulus.Network.Web.Connecter::_ConnectResult(System.Threading.Tasks.Task)
FNDA:0,System.Boolean Regulus.Network.Web.Connecter::_ConnectResult(System.Threading.Tasks.Task)
DA:32,0
DA:33,0
DA:34,0
DA:35,0
DA:38,0
DA:39,0
DA:41,0
BRDA:33,17,0,0
BRDA:33,17,1,0
FN:11,System.Void Regulus.Network.Web.Connecter::.ctor(System.Net.WebSockets.ClientWebSocket)
FNDA:0,System.Void Regulus.Network.Web.Connecter::.ctor(System.Net.WebSockets.ClientWebSocket)
DA:12,0
DA:13,0
DA:14,0
DA:15,0
LF:18
LH:0
BRF:2
BRH:0
FNF:4
FNH:0
end_of_record
SF:D:\develop\Regulus\Regulus.Network\Web\ConnectProvider.cs
FN:7,System.Void Regulus.Network.Web.ConnectProvider::Regulus.Utility.IBootable.Launch()
FNDA:0,System.Void Regulus.Network.Web.ConnectProvider::Regulus.Utility.IBootable.Launch()
DA:8,0
DA:10,0
FN:12,System.Void Regulus.Network.Web.ConnectProvider::Regulus.Utility.IBootable.Shutdown()
FNDA:0,System.Void Regulus.Network.Web.ConnectProvider::Regulus.Utility.IBootable.Shutdown()
DA:13,0
DA:15,0
FN:17,Regulus.Network.IConnectable Regulus.Network.Web.ConnectProvider::Regulus.Network.IConnectProvidable.Spawn()
FNDA:0,Regulus.Network.IConnectable Regulus.Network.Web.ConnectProvider::Regulus.Network.IConnectProvidable.Spawn()
DA:18,0
DA:19,0
DA:20,0
LF:7
LH:0
BRF:0
BRH:0
FNF:3
FNH:0
end_of_record
SF:D:\develop\Regulus\Regulus.Network\Web\Peer.cs
FN:20,System.Threading.Tasks.Task`1<System.Int32> Regulus.Network.Web.Peer::Regulus.Network.IStreamable.Receive(System.Byte[],System.Int32,System.Int32)
FNDA:0,System.Threading.Tasks.Task`1<System.Int32> Regulus.Network.Web.Peer::Regulus.Network.IStreamable.Receive(System.Byte[],System.Int32,System.Int32)
DA:21,0
DA:22,0
DA:23,0
DA:24,0
DA:25,0
DA:26,0
DA:27,0
DA:28,0
DA:29,0
DA:30,0
DA:31,0
DA:32,0
DA:33,0
DA:34,0
DA:35,0
DA:36,0
DA:37,0
DA:38,0
DA:39,0
FN:41,System.Threading.Tasks.Task`1<System.Int32> Regulus.Network.Web.Peer::Regulus.Network.IStreamable.Send(System.Byte[],System.Int32,System.Int32)
FNDA:0,System.Threading.Tasks.Task`1<System.Int32> Regulus.Network.Web.Peer::Regulus.Network.IStreamable.Send(System.Byte[],System.Int32,System.Int32)
DA:42,0
DA:43,0
DA:45,0
DA:47,0
DA:48,0
DA:49,0
DA:50,0
DA:53,0
FN:55,System.Boolean Regulus.Network.Web.Peer::IsValid()
FNDA:0,System.Boolean Regulus.Network.Web.Peer::IsValid()
DA:56,0
DA:57,0
DA:58,0
FN:14,System.Void Regulus.Network.Web.Peer::.ctor(System.Net.WebSockets.WebSocket)
FNDA:0,System.Void Regulus.Network.Web.Peer::.ctor(System.Net.WebSockets.WebSocket)
DA:15,0
DA:16,0
DA:17,0
DA:18,0
LF:34
LH:0
BRF:0
BRH:0
FNF:4
FNH:0
end_of_record
SF:D:\develop\Regulus\Regulus.Network\Web\Server.cs
FN:23,System.Void Regulus.Network.Web.Listener::add_AcceptEvent(System.Action`1<Regulus.Network.Web.Peer>)
FNDA:0,System.Void Regulus.Network.Web.Listener::add_AcceptEvent(System.Action`1<Regulus.Network.Web.Peer>)
DA:24,0
DA:25,0
DA:26,0
FN:28,System.Void Regulus.Network.Web.Listener::remove_AcceptEvent(System.Action`1<Regulus.Network.Web.Peer>)
FNDA:0,System.Void Regulus.Network.Web.Listener::remove_AcceptEvent(System.Action`1<Regulus.Network.Web.Peer>)
DA:29,0
DA:30,0
DA:31,0
FN:34,System.Void Regulus.Network.Web.Listener::Bind(System.Int32)
FNDA:0,System.Void Regulus.Network.Web.Listener::Bind(System.Int32)
DA:35,0
DA:36,0
DA:37,0
DA:38,0
DA:39,0
FN:41,System.Void Regulus.Network.Web.Listener::_Listen(System.Threading.Tasks.Task`1<System.Net.HttpListenerContext>)
FNDA:0,System.Void Regulus.Network.Web.Listener::_Listen(System.Threading.Tasks.Task`1<System.Net.HttpListenerContext>)
DA:42,0
DA:43,0
DA:44,0
DA:45,0
DA:46,0
DA:47,0
DA:48,0
DA:49,0
DA:50,0
DA:51,0
DA:52,0
DA:53,0
DA:55,0
BRDA:44,49,1,0
BRDA:46,61,0,0
BRDA:49,84,0,0
BRDA:49,84,1,0
BRDA:44,49,0,0
BRDA:46,61,1,0
FN:73,System.Void Regulus.Network.Web.Listener::Close()
FNDA:0,System.Void Regulus.Network.Web.Listener::Close()
DA:74,0
DA:75,0
DA:76,0
DA:78,0
FN:12,System.Void Regulus.Network.Web.Listener::.ctor()
FNDA:0,System.Void Regulus.Network.Web.Listener::.ctor()
DA:13,0
DA:14,0
DA:15,0
DA:16,0
DA:19,0
FN:57,System.Void Regulus.Network.Web.Listener/<_Accept>d__11::MoveNext()
FNDA:0,System.Void Regulus.Network.Web.Listener/<_Accept>d__11::MoveNext()
DA:58,0
DA:59,0
DA:60,0
DA:61,0
DA:62,0
DA:63,0
DA:64,0
DA:65,0
DA:66,0
DA:68,0
DA:70,0
DA:71,0
BRDA:62,217,1,0
BRDA:64,190,0,0
BRDA:64,190,1,0
BRDA:62,217,0,0
LF:45
LH:0
BRF:10
BRH:0
FNF:7
FNH:0
end_of_record
SF:D:\develop\Regulus\Regulus.Network\Tcp\Client.cs
FN:7,System.Void Regulus.Network.Tcp.ConnectProvider::Regulus.Utility.IBootable.Launch()
FNDA:0,System.Void Regulus.Network.Tcp.ConnectProvider::Regulus.Utility.IBootable.Launch()
DA:8,0
DA:10,0
FN:12,System.Void Regulus.Network.Tcp.ConnectProvider::Regulus.Utility.IBootable.Shutdown()
FNDA:0,System.Void Regulus.Network.Tcp.ConnectProvider::Regulus.Utility.IBootable.Shutdown()
DA:13,0
DA:15,0
FN:17,Regulus.Network.IConnectable Regulus.Network.Tcp.ConnectProvider::Regulus.Network.IConnectProvidable.Spawn()
FNDA:0,Regulus.Network.IConnectable Regulus.Network.Tcp.ConnectProvider::Regulus.Network.IConnectProvidable.Spawn()
DA:18,0
DA:19,0
DA:20,0
LF:7
LH:0
BRF:0
BRH:0
FNF:3
FNH:0
end_of_record
SF:D:\develop\Regulus\Regulus.Network\Tcp\Connecter.cs
FN:17,System.Threading.Tasks.Task`1<System.Boolean> Regulus.Network.Tcp.Connecter::Regulus.Network.IConnectable.Connect(System.Net.EndPoint)
FNDA:0,System.Threading.Tasks.Task`1<System.Boolean> Regulus.Network.Tcp.Connecter::Regulus.Network.IConnectable.Connect(System.Net.EndPoint)
DA:18,0
DA:19,0
DA:20,0
DA:21,0
DA:22,0
FN:24,System.Threading.Tasks.Task Regulus.Network.Tcp.Connecter::Regulus.Network.IConnectable.Disconnect()
FNDA:0,System.Threading.Tasks.Task Regulus.Network.Tcp.Connecter::Regulus.Network.IConnectable.Disconnect()
DA:25,0
DA:26,0
DA:27,0
DA:28,0
DA:30,0
FN:32,System.Boolean Regulus.Network.Tcp.Connecter::_ResultDisconnect(System.IAsyncResult)
FNDA:0,System.Boolean Regulus.Network.Tcp.Connecter::_ResultDisconnect(System.IAsyncResult)
DA:33,0
DA:34,0
DA:36,0
DA:38,0
DA:39,0
DA:40,0
DA:41,0
DA:42,0
DA:43,0
DA:44,0
DA:45,0
DA:46,0
DA:47,0
DA:48,0
DA:50,0
DA:52,0
DA:54,0
DA:55,0
DA:56,0
FN:58,System.Boolean Regulus.Network.Tcp.Connecter::_ResultConnect(System.IAsyncResult)
FNDA:0,System.Boolean Regulus.Network.Tcp.Connecter::_ResultConnect(System.IAsyncResult)
DA:59,0
DA:60,0
DA:62,0
DA:64,0
DA:65,0
DA:66,0
DA:67,0
DA:68,0
DA:69,0
DA:70,0
DA:71,0
DA:72,0
DA:73,0
DA:74,0
DA:76,0
DA:78,0
DA:80,0
DA:81,0
DA:82,0
FN:11,System.Void Regulus.Network.Tcp.Connecter::.ctor()
FNDA:0,System.Void Regulus.Network.Tcp.Connecter::.ctor()
DA:12,0
DA:13,0
DA:15,0
LF:51
LH:0
BRF:0
BRH:0
FNF:5
FNH:0
end_of_record
SF:D:\develop\Regulus\Regulus.Network\Tcp\Peer.cs
FN:23,System.Void Regulus.Network.Tcp.Peer::add_SocketErrorEvent(System.Action`1<System.Net.Sockets.SocketError>)
FNDA:0,System.Void Regulus.Network.Tcp.Peer::add_SocketErrorEvent(System.Action`1<System.Net.Sockets.SocketError>)
DA:24,0
DA:25,0
DA:26,0
FN:28,System.Void Regulus.Network.Tcp.Peer::remove_SocketErrorEvent(System.Action`1<System.Net.Sockets.SocketError>)
FNDA:0,System.Void Regulus.Network.Tcp.Peer::remove_SocketErrorEvent(System.Action`1<System.Net.Sockets.SocketError>)
DA:29,0
DA:30,0
DA:31,0
FN:34,System.Threading.Tasks.Task`1<System.Int32> Regulus.Network.Tcp.Peer::Regulus.Network.IStreamable.Receive(System.Byte[],System.Int32,System.Int32)
FNDA:0,System.Threading.Tasks.Task`1<System.Int32> Regulus.Network.Tcp.Peer::Regulus.Network.IStreamable.Receive(System.Byte[],System.Int32,System.Int32)
DA:35,0
DA:36,0
DA:37,0
DA:38,0
DA:39,0
DA:42,0
DA:43,0
DA:45,0
BRDA:36,51,0,0
BRDA:36,51,1,0
FN:47,System.IAsyncResult Regulus.Network.Tcp.Peer::_Receive(System.Byte[],System.Int32,System.Int32,System.AsyncCallback,System.Object)
FNDA:0,System.IAsyncResult Regulus.Network.Tcp.Peer::_Receive(System.Byte[],System.Int32,System.Int32,System.AsyncCallback,System.Object)
DA:48,0
DA:51,0
DA:53,0
DA:54,0
DA:55,0
DA:56,0
DA:57,0
BRDA:54,71,0,0
BRDA:54,71,1,0
FN:59,System.Int32 Regulus.Network.Tcp.Peer::_EndReceive(System.IAsyncResult)
FNDA:0,System.Int32 Regulus.Network.Tcp.Peer::_EndReceive(System.IAsyncResult)
DA:60,0
DA:65,0
DA:66,0
DA:67,0
DA:69,0
DA:70,0
DA:71,0
DA:72,0
DA:75,0
DA:76,0
DA:78,0
DA:79,0
DA:80,0
BRDA:66,22,0,0
BRDA:66,22,1,0
BRDA:69,53,0,0
BRDA:69,53,1,0
BRDA:75,82,0,0
BRDA:75,82,1,0
FN:81,System.Threading.Tasks.Task`1<System.Int32> Regulus.Network.Tcp.Peer::Regulus.Network.IStreamable.Send(System.Byte[],System.Int32,System.Int32)
FNDA:0,System.Threading.Tasks.Task`1<System.Int32> Regulus.Network.Tcp.Peer::Regulus.Network.IStreamable.Send(System.Byte[],System.Int32,System.Int32)
DA:82,0
DA:83,0
DA:84,0
DA:85,0
DA:86,0
DA:88,0
DA:89,0
DA:90,0
BRDA:83,51,0,0
BRDA:83,51,1,0
FN:92,System.IAsyncResult Regulus.Network.Tcp.Peer::_Send(System.Byte[],System.Int32,System.Int32,System.AsyncCallback,System.Object)
FNDA:0,System.IAsyncResult Regulus.Network.Tcp.Peer::_Send(System.Byte[],System.Int32,System.Int32,System.AsyncCallback,System.Object)
DA:93,0
DA:95,0
DA:96,0
DA:97,0
DA:98,0
DA:99,0
DA:100,0
BRDA:97,71,0,0
BRDA:97,71,1,0
FN:102,System.Int32 Regulus.Network.Tcp.Peer::_EndSend(System.IAsyncResult)
FNDA:0,System.Int32 Regulus.Network.Tcp.Peer::_EndSend(System.IAsyncResult)
DA:103,0
DA:105,0
DA:106,0
DA:107,0
DA:108,0
DA:109,0
DA:112,0
DA:113,0
DA:115,0
DA:118,0
DA:119,0
DA:120,0
BRDA:106,32,0,0
BRDA:106,32,1,0
BRDA:112,60,0,0
BRDA:112,60,1,0
FN:121,System.Net.Sockets.Socket Regulus.Network.Tcp.Peer::GetSocket()
FNDA:0,System.Net.Sockets.Socket Regulus.Network.Tcp.Peer::GetSocket()
DA:122,0
DA:123,0
DA:124,0
FN:13,System.Void Regulus.Network.Tcp.Peer::.ctor(System.Net.Sockets.Socket)
FNDA:0,System.Void Regulus.Network.Tcp.Peer::.ctor(System.Net.Sockets.Socket)
DA:14,0
DA:15,0
DA:16,0
DA:17,0
DA:18,0
LF:69
LH:0
BRF:18
BRH:0
FNF:10
FNH:0
end_of_record
SF:D:\develop\Regulus\Regulus.Network\Tcp\Server.cs
FN:14,System.Void Regulus.Network.Tcp.Listener::add_AcceptEvent(System.Action`1<Regulus.Network.Tcp.Peer>)
FNDA:0,System.Void Regulus.Network.Tcp.Listener::add_AcceptEvent(System.Action`1<Regulus.Network.Tcp.Peer>)
DA:15,0
FN:15,System.Void Regulus.Network.Tcp.Listener::remove_AcceptEvent(System.Action`1<Regulus.Network.Tcp.Peer>)
FNDA:0,System.Void Regulus.Network.Tcp.Listener::remove_AcceptEvent(System.Action`1<Regulus.Network.Tcp.Peer>)
DA:16,0
FN:23,System.Void Regulus.Network.Tcp.Listener::Bind(System.Int32)
FNDA:0,System.Void Regulus.Network.Tcp.Listener::Bind(System.Int32)
DA:24,0
DA:25,0
DA:26,0
DA:27,0
DA:28,0
FN:30,System.Void Regulus.Network.Tcp.Listener::_Accept(System.IAsyncResult)
FNDA:0,System.Void Regulus.Network.Tcp.Listener::_Accept(System.IAsyncResult)
DA:31,0
DA:33,0
DA:34,0
DA:35,0
DA:36,0
DA:37,0
DA:38,0
DA:39,0
DA:40,0
DA:41,0
DA:42,0
DA:43,0
DA:44,0
DA:45,0
DA:46,0
DA:47,0
DA:48,0
DA:49,0
DA:50,0
DA:51,0
DA:52,0
DA:53,0
DA:54,0
FN:56,System.Void Regulus.Network.Tcp.Listener::Close()
FNDA:0,System.Void Regulus.Network.Tcp.Listener::Close()
DA:57,0
DA:58,0
DA:59,0
DA:61,0
DA:62,0
BRDA:58,14,0,0
BRDA:58,14,1,0
FN:17,System.Void Regulus.Network.Tcp.Listener::.ctor()
FNDA:0,System.Void Regulus.Network.Tcp.Listener::.ctor()
DA:18,0
DA:19,0
DA:20,0
DA:21,0
DA:22,0
LF:40
LH:0
BRF:2
BRH:0
FNF:6
FNH:0
end_of_record
SF:D:\develop\Regulus\Regulus.Network\Tcp\WebListener.cs
FN:21,System.Void Regulus.Network.Tcp.WebListener::Regulus.Network.IListenable.add_AcceptEvent(System.Action`1<Regulus.Network.IPeer>)
FNDA:0,System.Void Regulus.Network.Tcp.WebListener::Regulus.Network.IListenable.add_AcceptEvent(System.Action`1<Regulus.Network.IPeer>)
DA:22,0
FN:22,System.Void Regulus.Network.Tcp.WebListener::Regulus.Network.IListenable.remove_AcceptEvent(System.Action`1<Regulus.Network.IPeer>)
FNDA:0,System.Void Regulus.Network.Tcp.WebListener::Regulus.Network.IListenable.remove_AcceptEvent(System.Action`1<Regulus.Network.IPeer>)
DA:23,0
FN:26,System.Void Regulus.Network.Tcp.WebListener::Regulus.Network.IListenable.Bind(System.Int32)
FNDA:0,System.Void Regulus.Network.Tcp.WebListener::Regulus.Network.IListenable.Bind(System.Int32)
DA:27,0
DA:28,0
DA:29,0
DA:30,0
DA:31,0
FN:34,System.Void Regulus.Network.Tcp.WebListener::_Accept(System.IAsyncResult)
FNDA:0,System.Void Regulus.Network.Tcp.WebListener::_Accept(System.IAsyncResult)
DA:35,0
DA:37,0
DA:39,0
DA:40,0
DA:42,0
DA:44,0
DA:45,0
DA:48,0
DA:49,0
DA:50,0
DA:51,0
DA:52,0
DA:53,0
DA:54,0
DA:55,0
DA:56,0
DA:57,0
DA:58,0
DA:59,0
DA:60,0
DA:61,0
DA:62,0
DA:63,0
DA:64,0
FN:71,System.Void Regulus.Network.Tcp.WebListener::Regulus.Network.IListenable.Close()
FNDA:0,System.Void Regulus.Network.Tcp.WebListener::Regulus.Network.IListenable.Close()
DA:72,0
DA:73,0
DA:74,0
DA:76,0
DA:77,0
BRDA:73,14,0,0
BRDA:73,14,1,0
FN:12,System.Void Regulus.Network.Tcp.WebListener::.ctor()
FNDA:0,System.Void Regulus.Network.Tcp.WebListener::.ctor()
DA:13,0
DA:14,0
DA:15,0
DA:16,0
DA:17,0
FN:66,System.Void Regulus.Network.Tcp.WebListener/<_Handshaker>d__10::MoveNext()
FNDA:0,System.Void Regulus.Network.Tcp.WebListener/<_Handshaker>d__10::MoveNext()
DA:67,0
DA:69,0
LF:43
LH:0
BRF:2
BRH:0
FNF:7
FNH:0
end_of_record
SF:D:\develop\Regulus\Regulus.Network\Rudp\Client.cs
FN:22,System.Void Regulus.Network.Rudp.ConnectProvider::Run()
FNDA:0,System.Void Regulus.Network.Rudp.ConnectProvider::Run()
DA:23,0
DA:25,0
DA:27,0
DA:28,0
DA:29,0
DA:30,0
DA:32,0
DA:33,0
DA:34,0
DA:35,0
DA:36,0
DA:37,0
BRDA:29,100,1,0
BRDA:29,100,0,0
FN:40,System.Void Regulus.Network.Rudp.ConnectProvider::Launch()
FNDA:0,System.Void Regulus.Network.Rudp.ConnectProvider::Launch()
DA:41,0
DA:42,0
DA:43,0
DA:45,0
DA:48,0
FN:50,System.Void Regulus.Network.Rudp.ConnectProvider::Shutdown()
FNDA:0,System.Void Regulus.Network.Rudp.ConnectProvider::Shutdown()
DA:51,0
DA:52,0
DA:53,0
DA:54,0
FN:56,Regulus.Network.IConnectable Regulus.Network.Rudp.ConnectProvider::Regulus.Network.IConnectProvidable.Spawn()
FNDA:0,Regulus.Network.IConnectable Regulus.Network.Rudp.ConnectProvider::Regulus.Network.IConnectProvidable.Spawn()
DA:57,0
DA:58,0
DA:59,0
FN:13,System.Void Regulus.Network.Rudp.ConnectProvider::.ctor(Regulus.Network.ISocket)
FNDA:0,System.Void Regulus.Network.Rudp.ConnectProvider::.ctor(Regulus.Network.ISocket)
DA:14,0
DA:15,0
DA:16,0
DA:17,0
DA:18,0
DA:19,0
DA:20,0
LF:31
LH:0
BRF:2
BRH:0
FNF:5
FNH:0
end_of_record
SF:D:\develop\Regulus\Regulus.Network\Rudp\Connecter.cs
FN:20,System.Threading.Tasks.Task`1<System.Int32> Regulus.Network.Rudp.Connector::Regulus.Network.IStreamable.Receive(System.Byte[],System.Int32,System.Int32)
FNDA:0,System.Threading.Tasks.Task`1<System.Int32> Regulus.Network.Rudp.Connector::Regulus.Network.IStreamable.Receive(System.Byte[],System.Int32,System.Int32)
DA:21,0
DA:22,0
DA:23,0
FN:25,System.Threading.Tasks.Task`1<System.Int32> Regulus.Network.Rudp.Connector::Regulus.Network.IStreamable.Send(System.Byte[],System.Int32,System.Int32)
FNDA:0,System.Threading.Tasks.Task`1<System.Int32> Regulus.Network.Rudp.Connector::Regulus.Network.IStreamable.Send(System.Byte[],System.Int32,System.Int32)
DA:26,0
DA:27,0
DA:28,0
FN:31,System.Threading.Tasks.Task`1<System.Boolean> Regulus.Network.Rudp.Connector::Regulus.Network.IConnectable.Connect(System.Net.EndPoint)
FNDA:0,System.Threading.Tasks.Task`1<System.Boolean> Regulus.Network.Rudp.Connector::Regulus.Network.IConnectable.Connect(System.Net.EndPoint)
DA:32,0
DA:33,0
DA:34,0
DA:35,0
DA:36,0
DA:37,0
DA:38,0
DA:39,0
DA:40,0
DA:41,0
DA:42,0
DA:43,0
DA:44,0
DA:47,0
BRDA:39,39,1,0
BRDA:39,39,0,0
FN:49,System.Threading.Tasks.Task Regulus.Network.Rudp.Connector::Regulus.Network.IConnectable.Disconnect()
FNDA:0,System.Threading.Tasks.Task Regulus.Network.Rudp.Connector::Regulus.Network.IConnectable.Disconnect()
DA:50,0
DA:51,0
FN:11,System.Void Regulus.Network.Rudp.Connector::.ctor(Regulus.Network.Agent)
FNDA:0,System.Void Regulus.Network.Rudp.Connector::.ctor(Regulus.Network.Agent)
DA:12,0
DA:13,0
DA:14,0
DA:15,0
LF:26
LH:0
BRF:2
BRH:0
FNF:5
FNH:0
end_of_record
SF:D:\develop\Regulus\Regulus.Network\Rudp\Peer.cs
FN:18,System.Void Regulus.Network.Rudp.Peer::Regulus.Network.IPeer.add_SocketErrorEvent(System.Action`1<System.Net.Sockets.SocketError>)
FNDA:0,System.Void Regulus.Network.Rudp.Peer::Regulus.Network.IPeer.add_SocketErrorEvent(System.Action`1<System.Net.Sockets.SocketError>)
DA:19,0
DA:20,0
FN:23,System.Void Regulus.Network.Rudp.Peer::Regulus.Network.IPeer.remove_SocketErrorEvent(System.Action`1<System.Net.Sockets.SocketError>)
FNDA:0,System.Void Regulus.Network.Rudp.Peer::Regulus.Network.IPeer.remove_SocketErrorEvent(System.Action`1<System.Net.Sockets.SocketError>)
DA:24,0
DA:25,0
FN:29,System.Threading.Tasks.Task`1<System.Int32> Regulus.Network.Rudp.Peer::Regulus.Network.IStreamable.Receive(System.Byte[],System.Int32,System.Int32)
FNDA:0,System.Threading.Tasks.Task`1<System.Int32> Regulus.Network.Rudp.Peer::Regulus.Network.IStreamable.Receive(System.Byte[],System.Int32,System.Int32)
DA:30,0
DA:31,0
DA:33,0
FN:34,System.Threading.Tasks.Task`1<System.Int32> Regulus.Network.Rudp.Peer::Regulus.Network.IStreamable.Send(System.Byte[],System.Int32,System.Int32)
FNDA:0,System.Threading.Tasks.Task`1<System.Int32> Regulus.Network.Rudp.Peer::Regulus.Network.IStreamable.Send(System.Byte[],System.Int32,System.Int32)
DA:35,0
DA:36,0
DA:37,0
FN:9,System.Void Regulus.Network.Rudp.Peer::.ctor(Regulus.Network.Socket)
FNDA:0,System.Void Regulus.Network.Rudp.Peer::.ctor(Regulus.Network.Socket)
DA:10,0
DA:11,0
DA:12,0
DA:14,0
LF:14
LH:0
BRF:0
BRH:0
FNF:5
FNH:0
end_of_record
SF:D:\develop\Regulus\Regulus.Network\Rudp\Server.cs
FN:23,System.Void Regulus.Network.Rudp.Listener::Regulus.Network.IListenable.add_AcceptEvent(System.Action`1<Regulus.Network.IPeer>)
FNDA:0,System.Void Regulus.Network.Rudp.Listener::Regulus.Network.IListenable.add_AcceptEvent(System.Action`1<Regulus.Network.IPeer>)
DA:24,0
FN:24,System.Void Regulus.Network.Rudp.Listener::Regulus.Network.IListenable.remove_AcceptEvent(System.Action`1<Regulus.Network.IPeer>)
FNDA:0,System.Void Regulus.Network.Rudp.Listener::Regulus.Network.IListenable.remove_AcceptEvent(System.Action`1<Regulus.Network.IPeer>)
DA:25,0
FN:28,System.Void Regulus.Network.Rudp.Listener::Regulus.Network.IListenable.Bind(System.Int32)
FNDA:0,System.Void Regulus.Network.Rudp.Listener::Regulus.Network.IListenable.Bind(System.Int32)
DA:29,0
DA:30,0
DA:31,0
DA:32,0
DA:33,0
DA:34,0
FN:36,System.Void Regulus.Network.Rudp.Listener::Run(System.Object)
FNDA:0,System.Void Regulus.Network.Rudp.Listener::Run(System.Object)
DA:37,0
DA:38,0
DA:39,0
DA:41,0
DA:42,0
DA:43,0
DA:44,0
DA:45,0
DA:46,0
DA:47,0
DA:49,0
DA:51,0
BRDA:42,98,1,0
BRDA:42,98,0,0
FN:53,System.Void Regulus.Network.Rudp.Listener::Accept(Regulus.Network.Socket)
FNDA:0,System.Void Regulus.Network.Rudp.Listener::Accept(Regulus.Network.Socket)
DA:54,0
DA:55,0
DA:56,0
FN:58,System.Void Regulus.Network.Rudp.Listener::Regulus.Network.IListenable.Close()
FNDA:0,System.Void Regulus.Network.Rudp.Listener::Regulus.Network.IListenable.Close()
DA:59,0
DA:60,0
DA:61,0
DA:62,0
DA:63,0
FN:14,System.Void Regulus.Network.Rudp.Listener::.ctor(Regulus.Network.ISocket)
FNDA:0,System.Void Regulus.Network.Rudp.Listener::.ctor(Regulus.Network.ISocket)
DA:15,0
DA:16,0
DA:17,0
DA:18,0
DA:19,0
DA:20,0
LF:34
LH:0
BRF:2
BRH:0
FNF:7
FNH:0
end_of_record
SF:D:\develop\Regulus\Regulus.Network\Rudp\UdpSocket.cs
FN:24,Regulus.Network.Package.SocketMessage[] Regulus.Network.Rudp.UdpSocket::Regulus.Network.ISocketRecevieable.Received()
FNDA:0,Regulus.Network.Package.SocketMessage[] Regulus.Network.Rudp.UdpSocket::Regulus.Network.ISocketRecevieable.Received()
DA:25,0
DA:26,0
DA:27,0
FN:29,System.Void Regulus.Network.Rudp.UdpSocket::Regulus.Network.ISocketSendable.Transport(Regulus.Network.Package.SocketMessage)
FNDA:0,System.Void Regulus.Network.Rudp.UdpSocket::Regulus.Network.ISocketSendable.Transport(Regulus.Network.Package.SocketMessage)
DA:30,0
DA:32,0
DA:33,0
FN:38,System.Void Regulus.Network.Rudp.UdpSocket::Regulus.Network.ISocket.Close()
FNDA:0,System.Void Regulus.Network.Rudp.UdpSocket::Regulus.Network.ISocket.Close()
DA:39,0
DA:40,0
DA:41,0
DA:42,0
FN:44,System.Void Regulus.Network.Rudp.UdpSocket::Regulus.Network.ISocket.Bind(System.Int32)
FNDA:0,System.Void Regulus.Network.Rudp.UdpSocket::Regulus.Network.ISocket.Bind(System.Int32)
DA:45,0
DA:46,0
DA:47,0
DA:48,0
FN:13,System.Void Regulus.Network.Rudp.UdpSocket::.ctor()
FNDA:0,System.Void Regulus.Network.Rudp.UdpSocket::.ctor()
DA:14,0
DA:15,0
DA:16,0
DA:18,0
DA:20,0
DA:21,0
DA:23,0
LF:21
LH:0
BRF:0
BRH:0
FNF:5
FNH:0
end_of_record
SF:D:\develop\Regulus\Regulus.Network\Profile\Logger.cs
FN:35,System.Void Regulus.Network.Profile.Logger::Register(Regulus.Network.Line)
FNDA:0,System.Void Regulus.Network.Profile.Logger::Register(Regulus.Network.Line)
DA:36,0
DA:37,0
DA:38,0
DA:39,0
DA:40,0
DA:41,0
FN:43,System.Void Regulus.Network.Profile.Logger::Unregister(Regulus.Network.Line)
FNDA:0,System.Void Regulus.Network.Profile.Logger::Unregister(Regulus.Network.Line)
DA:44,0
DA:45,0
DA:46,0
DA:47,0
DA:48,0
DA:49,0
FN:51,System.Void Regulus.Network.Profile.Logger::Start()
FNDA:0,System.Void Regulus.Network.Profile.Logger::Start()
DA:52,0
DA:53,0
DA:54,0
DA:55,0
FN:57,System.Void Regulus.Network.Profile.Logger::Collect(System.Object)
FNDA:0,System.Void Regulus.Network.Profile.Logger::Collect(System.Object)
DA:58,0
DA:62,0
DA:63,0
DA:64,0
DA:65,0
DA:66,0
DA:67,0
DA:69,0
DA:70,0
DA:71,0
DA:72,0
DA:73,0
DA:74,0
DA:77,0
DA:78,0
DA:80,0
BRDA:62,175,1,0
BRDA:65,77,1,0
BRDA:66,19,0,0
BRDA:66,19,1,0
BRDA:65,77,0,0
BRDA:70,86,0,0
BRDA:72,130,1,0
BRDA:72,130,0,0
BRDA:70,86,1,0
BRDA:62,175,0,0
FN:82,System.Void Regulus.Network.Profile.Logger::WriteLog(Regulus.Network.Line)
FNDA:0,System.Void Regulus.Network.Profile.Logger::WriteLog(Regulus.Network.Line)
DA:83,0
DA:85,0
DA:86,0
DA:87,0
DA:89,0
DA:90,0
FN:93,System.Void Regulus.Network.Profile.Logger::End()
FNDA:0,System.Void Regulus.Network.Profile.Logger::End()
DA:94,0
DA:95,0
DA:96,0
FN:26,System.Void Regulus.Network.Profile.Logger::.ctor(System.Int32)
FNDA:0,System.Void Regulus.Network.Profile.Logger::.ctor(System.Int32)
DA:27,0
DA:28,0
DA:29,0
DA:31,0
DA:33,0
DA:34,0
LF:47
LH:0
BRF:10
BRH:0
FNF:7
FNH:0
end_of_record
SF:D:\develop\Regulus\Regulus.Network\Package\SocketMessage.cs
FN:10,System.Void Regulus.Network.Package.SocketMessageInternal::.ctor(System.Int32)
FNDA:0,System.Void Regulus.Network.Package.SocketMessageInternal::.ctor(System.Int32)
DA:11,0
DA:12,0
DA:14,0
DA:15,0
DA:16,0
FN:41,System.Byte[] Regulus.Network.Package.SocketMessage::get__Package()
FNDA:0,System.Byte[] Regulus.Network.Package.SocketMessage::get__Package()
DA:42,0
FN:43,System.Net.EndPoint Regulus.Network.Package.SocketMessage::get_RemoteEndPoint()
FNDA:0,System.Net.EndPoint Regulus.Network.Package.SocketMessage::get_RemoteEndPoint()
DA:44,0
FN:45,System.Byte[] Regulus.Network.Package.SocketMessage::get_Package()
FNDA:0,System.Byte[] Regulus.Network.Package.SocketMessage::get_Package()
DA:46,0
FN:47,System.Net.Sockets.SocketError Regulus.Network.Package.SocketMessage::get_Error()
FNDA:0,System.Net.Sockets.SocketError Regulus.Network.Package.SocketMessage::get_Error()
DA:48,0
FN:53,System.Boolean Regulus.Network.Package.SocketMessage::CheckPayload()
FNDA:0,System.Boolean Regulus.Network.Package.SocketMessage::CheckPayload()
DA:54,0
DA:55,0
DA:56,0
DA:57,0
FN:59,System.Int32 Regulus.Network.Package.SocketMessage::GetPayloadBufferSize()
FNDA:0,System.Int32 Regulus.Network.Package.SocketMessage::GetPayloadBufferSize()
DA:60,0
DA:61,0
DA:62,0
DA:63,0
DA:64,0
DA:65,0
BRDA:62,19,0,0
BRDA:62,19,1,0
FN:67,System.Boolean Regulus.Network.Package.SocketMessage::WritePayload(System.Collections.Generic.IList`1<System.Byte>,System.Int32,System.Int32)
FNDA:0,System.Boolean Regulus.Network.Package.SocketMessage::WritePayload(System.Collections.Generic.IList`1<System.Byte>,System.Int32,System.Int32)
DA:68,0
DA:69,0
DA:71,0
DA:72,0
DA:73,0
DA:74,0
DA:75,0
DA:76,0
DA:79,0
DA:80,0
DA:82,0
DA:84,0
DA:85,0
BRDA:71,18,0,0
BRDA:71,18,1,0
BRDA:73,30,0,0
BRDA:73,30,1,0
BRDA:75,51,0,0
BRDA:75,51,1,0
BRDA:79,99,1,0
BRDA:79,99,0,0
FN:88,System.Void Regulus.Network.Package.SocketMessage::SetPayloadLength(System.UInt16)
FNDA:0,System.Void Regulus.Network.Package.SocketMessage::SetPayloadLength(System.UInt16)
DA:89,0
DA:90,0
DA:91,0
FN:93,System.UInt16 Regulus.Network.Package.SocketMessage::GetPayloadLength()
FNDA:0,System.UInt16 Regulus.Network.Package.SocketMessage::GetPayloadLength()
DA:94,0
DA:95,0
DA:96,0
FN:98,System.Boolean Regulus.Network.Package.SocketMessage::ReadPayload(System.Collections.Generic.IList`1<System.Byte>,System.Int32)
FNDA:0,System.Boolean Regulus.Network.Package.SocketMessage::ReadPayload(System.Collections.Generic.IList`1<System.Byte>,System.Int32)
DA:99,0
DA:101,0
DA:103,0
DA:104,0
DA:105,0
DA:106,0
DA:108,0
DA:109,0
DA:110,0
DA:111,0
BRDA:103,24,0,0
BRDA:103,24,1,0
BRDA:105,43,0,0
BRDA:105,43,1,0
BRDA:108,92,1,0
BRDA:108,92,0,0
FN:113,System.Void Regulus.Network.Package.SocketMessage::ReadPayload(System.Collections.Generic.IList`1<System.Byte>)
FNDA:0,System.Void Regulus.Network.Package.SocketMessage::ReadPayload(System.Collections.Generic.IList`1<System.Byte>)
DA:114,0
DA:115,0
DA:116,0
DA:117,0
DA:118,0
BRDA:116,40,1,0
BRDA:116,40,0,0
FN:121,System.Void Regulus.Network.Package.SocketMessage::SetOperation(System.Byte)
FNDA:0,System.Void Regulus.Network.Package.SocketMessage::SetOperation(System.Byte)
DA:122,0
DA:123,0
DA:124,0
FN:125,System.Byte Regulus.Network.Package.SocketMessage::GetOperation()
FNDA:0,System.Byte Regulus.Network.Package.SocketMessage::GetOperation()
DA:126,0
DA:127,0
DA:128,0
FN:133,System.Void Regulus.Network.Package.SocketMessage::SetAckFields(System.UInt32)
FNDA:0,System.Void Regulus.Network.Package.SocketMessage::SetAckFields(System.UInt32)
DA:134,0
DA:135,0
DA:136,0
FN:138,System.UInt32 Regulus.Network.Package.SocketMessage::GetAckFields()
FNDA:0,System.UInt32 Regulus.Network.Package.SocketMessage::GetAckFields()
DA:139,0
DA:140,0
DA:141,0
FN:144,System.UInt16 Regulus.Network.Package.SocketMessage::GetAck()
FNDA:0,System.UInt16 Regulus.Network.Package.SocketMessage::GetAck()
DA:145,0
DA:146,0
DA:147,0
FN:149,System.Void Regulus.Network.Package.SocketMessage::SetAck(System.UInt16)
FNDA:0,System.Void Regulus.Network.Package.SocketMessage::SetAck(System.UInt16)
DA:150,0
DA:151,0
DA:152,0
FN:155,System.Void Regulus.Network.Package.SocketMessage::SetSeq(System.UInt16)
FNDA:0,System.Void Regulus.Network.Package.SocketMessage::SetSeq(System.UInt16)
DA:156,0
DA:157,0
DA:158,0
FN:160,System.UInt16 Regulus.Network.Package.SocketMessage::GetSeq()
FNDA:0,System.UInt16 Regulus.Network.Package.SocketMessage::GetSeq()
DA:161,0
DA:162,0
DA:163,0
FN:165,System.Void Regulus.Network.Package.SocketMessage::SetUint32(System.Int32,System.UInt32)
FNDA:0,System.Void Regulus.Network.Package.SocketMessage::SetUint32(System.Int32,System.UInt32)
DA:166,0
DA:167,0
DA:168,0
DA:169,0
DA:170,0
DA:171,0
FN:173,System.UInt32 Regulus.Network.Package.SocketMessage::GetUint32(System.Int32)
FNDA:0,System.UInt32 Regulus.Network.Package.SocketMessage::GetUint32(System.Int32)
DA:174,0
DA:175,0
DA:176,0
DA:177,0
DA:178,0
BRDA:175,16,0,0
BRDA:175,16,1,0
FN:180,System.Void Regulus.Network.Package.SocketMessage::SetUint16(System.Int32,System.UInt16)
FNDA:0,System.Void Regulus.Network.Package.SocketMessage::SetUint16(System.Int32,System.UInt16)
DA:181,0
DA:182,0
DA:183,0
DA:184,0
FN:186,System.UInt16 Regulus.Network.Package.SocketMessage::GetUint16(System.Int32)
FNDA:0,System.UInt16 Regulus.Network.Package.SocketMessage::GetUint16(System.Int32)
DA:187,0
DA:188,0
DA:189,0
DA:190,0
DA:191,0
BRDA:188,16,0,0
BRDA:188,16,1,0
FN:193,System.Byte Regulus.Network.Package.SocketMessage::GetUint8(System.Int32)
FNDA:0,System.Byte Regulus.Network.Package.SocketMessage::GetUint8(System.Int32)
DA:194,0
DA:195,0
DA:196,0
DA:197,0
DA:198,0
BRDA:195,16,0,0
BRDA:195,16,1,0
FN:200,System.Void Regulus.Network.Package.SocketMessage::SetUint8(System.Int32,System.Byte)
FNDA:0,System.Void Regulus.Network.Package.SocketMessage::SetUint8(System.Int32,System.Byte)
DA:201,0
DA:202,0
DA:203,0
DA:204,0
BRDA:202,16,0,0
BRDA:202,16,1,0
FN:216,System.Int32 Regulus.Network.Package.SocketMessage::GetHeadSize()
FNDA:0,System.Int32 Regulus.Network.Package.SocketMessage::GetHeadSize()
DA:217,0
DA:218,0
DA:219,0
FN:221,System.Int32 Regulus.Network.Package.SocketMessage::ReadPayload(System.Int32,System.Byte[],System.Int32,System.Int32)
FNDA:0,System.Int32 Regulus.Network.Package.SocketMessage::ReadPayload(System.Int32,System.Byte[],System.Int32,System.Int32)
DA:222,0
DA:223,0
DA:224,0
DA:225,0
DA:226,0
DA:227,0
DA:230,0
DA:231,0
DA:232,0
DA:233,0
DA:235,0
DA:236,0
DA:238,0
DA:239,0
BRDA:224,14,0,0
BRDA:224,14,1,0
BRDA:226,34,0,0
BRDA:226,34,1,0
BRDA:232,57,0,0
BRDA:232,57,1,0
BRDA:235,101,1,0
BRDA:235,101,0,0
FN:241,System.Byte Regulus.Network.Package.SocketMessage::ReadPayload(System.Int32)
FNDA:0,System.Byte Regulus.Network.Package.SocketMessage::ReadPayload(System.Int32)
DA:242,0
DA:243,0
DA:244,0
FN:246,System.Byte[] Regulus.Network.Package.SocketMessage::GetBuffer()
FNDA:0,System.Byte[] Regulus.Network.Package.SocketMessage::GetBuffer()
DA:247,0
DA:248,0
DA:249,0
FN:251,System.Void Regulus.Network.Package.SocketMessage::SetError(System.Net.Sockets.SocketError)
FNDA:0,System.Void Regulus.Network.Package.SocketMessage::SetError(System.Net.Sockets.SocketError)
DA:252,0
DA:253,0
DA:254,0
FN:256,System.Int32 Regulus.Network.Package.SocketMessage::GetPayloadSize()
FNDA:0,System.Int32 Regulus.Network.Package.SocketMessage::GetPayloadSize()
DA:257,0
DA:259,0
DA:260,0
FN:262,System.Boolean Regulus.Network.Package.SocketMessage::IsError()
FNDA:0,System.Boolean Regulus.Network.Package.SocketMessage::IsError()
DA:263,0
DA:264,0
DA:265,0
FN:267,System.Void Regulus.Network.Package.SocketMessage::SetEndPoint(System.Net.EndPoint)
FNDA:0,System.Void Regulus.Network.Package.SocketMessage::SetEndPoint(System.Net.EndPoint)
DA:268,0
DA:269,0
DA:270,0
FN:272,System.Int32 Regulus.Network.Package.SocketMessage::GetPackageSize()
FNDA:0,System.Int32 Regulus.Network.Package.SocketMessage::GetPackageSize()
DA:273,0
DA:274,0
DA:275,0
FN:277,System.Void Regulus.Network.Package.SocketMessage::ClearPayload()
FNDA:0,System.Void Regulus.Network.Package.SocketMessage::ClearPayload()
DA:278,0
DA:279,0
DA:280,0
FN:35,System.Void Regulus.Network.Package.SocketMessage::.ctor(System.Int32)
FNDA:0,System.Void Regulus.Network.Package.SocketMessage::.ctor(System.Int32)
DA:36,0
DA:37,0
DA:38,0
DA:39,0
FN:206,System.Boolean Regulus.Network.Package.SocketMessage/<GetAcks>d__39::MoveNext()
FNDA:0,System.Boolean Regulus.Network.Package.SocketMessage/<GetAcks>d__39::MoveNext()
DA:207,0
DA:208,0
DA:209,0
DA:210,0
DA:211,0
DA:212,0
DA:213,0
DA:214,0
BRDA:211,169,1,0
BRDA:212,100,0,0
BRDA:212,100,1,0
BRDA:211,169,0,0
LF:159
LH:0
BRF:38
BRH:0
FNF:38
FNH:0
end_of_record
SF:D:\develop\Regulus\Regulus.Projects.TestProtocol.Common\Number.cs
FN:12,Regulus.Remote.Property`1<System.Int32> Regulus.Projects.TestProtocol.Common.Number::Regulus.Projects.TestProtocol.Common.INumber.get_Value()
FNDA:14,Regulus.Remote.Property`1<System.Int32> Regulus.Projects.TestProtocol.Common.Number::Regulus.Projects.TestProtocol.Common.INumber.get_Value()
DA:13,14
FN:8,System.Void Regulus.Projects.TestProtocol.Common.Number::.ctor(System.Int32)
FNDA:5,System.Void Regulus.Projects.TestProtocol.Common.Number::.ctor(System.Int32)
DA:9,5
DA:10,5
DA:11,5
DA:12,5
LF:5
LH:5
BRF:0
BRH:0
FNF:2
FNH:2
end_of_record
SF:D:\develop\Regulus\Regulus.Projects.TestProtocol.Common\Sample.cs
FN:18,Regulus.Remote.INotifier`1<Regulus.Projects.TestProtocol.Common.INumber> Regulus.Projects.TestProtocol.Common.Sample::Regulus.Projects.TestProtocol.Common.ISample.get_Numbers()
FNDA:4,Regulus.Remote.INotifier`1<Regulus.Projects.TestProtocol.Common.INumber> Regulus.Projects.TestProtocol.Common.Sample::Regulus.Projects.TestProtocol.Common.ISample.get_Numbers()
DA:19,4
FN:24,System.Void Regulus.Projects.TestProtocol.Common.Sample::Regulus.Projects.TestProtocol.Common.ISample.add_IntsEvent(System.Action`1<System.Int32>)
FNDA:3,System.Void Regulus.Projects.TestProtocol.Common.Sample::Regulus.Projects.TestProtocol.Common.ISample.add_IntsEvent(System.Action`1<System.Int32>)
DA:25,3
DA:26,3
DA:27,3
FN:29,System.Void Regulus.Projects.TestProtocol.Common.Sample::Regulus.Projects.TestProtocol.Common.ISample.remove_IntsEvent(System.Action`1<System.Int32>)
FNDA:2,System.Void Regulus.Projects.TestProtocol.Common.Sample::Regulus.Projects.TestProtocol.Common.ISample.remove_IntsEvent(System.Action`1<System.Int32>)
DA:30,2
DA:31,2
DA:32,2
FN:35,Regulus.Remote.Value`1<System.Int32> Regulus.Projects.TestProtocol.Common.Sample::Regulus.Projects.TestProtocol.Common.ISample.Add(System.Int32,System.Int32)
FNDA:1,Regulus.Remote.Value`1<System.Int32> Regulus.Projects.TestProtocol.Common.Sample::Regulus.Projects.TestProtocol.Common.ISample.Add(System.Int32,System.Int32)
DA:36,1
DA:37,1
DA:38,1
FN:40,Regulus.Remote.Value`1<System.Boolean> Regulus.Projects.TestProtocol.Common.Sample::Regulus.Projects.TestProtocol.Common.ISample.RemoveNumber(System.Int32)
FNDA:3,Regulus.Remote.Value`1<System.Boolean> Regulus.Projects.TestProtocol.Common.Sample::Regulus.Projects.TestProtocol.Common.ISample.RemoveNumber(System.Int32)
DA:41,3
DA:42,7
DA:43,3
DA:44,3
FN:11,System.Void Regulus.Projects.TestProtocol.Common.Sample::.ctor()
FNDA:6,System.Void Regulus.Projects.TestProtocol.Common.Sample::.ctor()
DA:12,6
DA:13,6
DA:14,6
DA:15,6
DA:16,6
LF:19
LH:19
BRF:0
BRH:0
FNF:6
FNH:6
end_of_record
SF:D:\develop\Regulus\Regulus.Projects.TestProtocol.Protocol\C9BFAFD9977096D4B07B6F75B66DF178C.cs
FN:25,System.Reflection.Assembly C9BFAFD9977096D4B07B6F75B66DF178C::Regulus.Remote.IProtocol.get_Base()
FNDA:0,System.Reflection.Assembly C9BFAFD9977096D4B07B6F75B66DF178C::Regulus.Remote.IProtocol.get_Base()
DA:26,0
FN:26,System.Byte[] C9BFAFD9977096D4B07B6F75B66DF178C::Regulus.Remote.IProtocol.get_VerificationCode()
FNDA:36,System.Byte[] C9BFAFD9977096D4B07B6F75B66DF178C::Regulus.Remote.IProtocol.get_VerificationCode()
DA:27,36
FN:28,Regulus.Remote.InterfaceProvider C9BFAFD9977096D4B07B6F75B66DF178C::Regulus.Remote.IProtocol.GetInterfaceProvider()
FNDA:6,Regulus.Remote.InterfaceProvider C9BFAFD9977096D4B07B6F75B66DF178C::Regulus.Remote.IProtocol.GetInterfaceProvider()
DA:29,6
DA:30,6
DA:31,6
FN:33,Regulus.Remote.EventProvider C9BFAFD9977096D4B07B6F75B66DF178C::Regulus.Remote.IProtocol.GetEventProvider()
FNDA:6,Regulus.Remote.EventProvider C9BFAFD9977096D4B07B6F75B66DF178C::Regulus.Remote.IProtocol.GetEventProvider()
DA:34,6
DA:35,6
DA:36,6
FN:38,Regulus.Serialization.ISerializer C9BFAFD9977096D4B07B6F75B66DF178C::Regulus.Remote.IProtocol.GetSerialize()
FNDA:53,Regulus.Serialization.ISerializer C9BFAFD9977096D4B07B6F75B66DF178C::Regulus.Remote.IProtocol.GetSerialize()
DA:39,53
DA:40,53
DA:41,53
FN:43,Regulus.Remote.MemberMap C9BFAFD9977096D4B07B6F75B66DF178C::Regulus.Remote.IProtocol.GetMemberMap()
FNDA:108,Regulus.Remote.MemberMap C9BFAFD9977096D4B07B6F75B66DF178C::Regulus.Remote.IProtocol.GetMemberMap()
DA:44,108
DA:45,108
DA:46,108
FN:12,System.Void C9BFAFD9977096D4B07B6F75B66DF178C::.ctor()
FNDA:6,System.Void C9BFAFD9977096D4B07B6F75B66DF178C::.ctor()
DA:13,6
DA:14,6
DA:15,6
DA:16,6
DA:17,6
DA:18,6
DA:19,6
DA:20,6
DA:21,6
DA:22,6
DA:23,6
DA:24,14
DA:25,6
LF:27
LH:26
BRF:0
BRH:0
FNF:7
FNH:6
end_of_record
SF:D:\develop\Regulus\Regulus.Projects.TestProtocol.Protocol\Regulus.Projects.TestProtocol.Common.ISample_IntsEvent.cs
FN:19,System.Delegate Regulus.Projects.TestProtocol.Common.Invoker.ISample.IntsEvent::Regulus.Remote.IEventProxyCreator.Create(System.Int64,System.Int32,System.Int64,Regulus.Remote.InvokeEventCallabck)
FNDA:3,System.Delegate Regulus.Projects.TestProtocol.Common.Invoker.ISample.IntsEvent::Regulus.Remote.IEventProxyCreator.Create(System.Int64,System.Int32,System.Int64,Regulus.Remote.InvokeEventCallabck)
DA:20,3
DA:21,3
DA:22,3
[...]
FNDA:0,System.Boolean Regulus.Utility.Vector2::op_Inequality(Regulus.Utility.Vector2,Regulus.Utility.Vector2)
DA:131,0
DA:132,0
DA:133,0
BRDA:132,13,0,0
BRDA:132,13,1,0
FN:135,System.String Regulus.Utility.Vector2::ToString()
FNDA:0,System.String Regulus.Utility.Vector2::ToString()
DA:136,0
DA:137,0
DA:138,0
FN:140,System.String Regulus.Utility.Vector2::ToString(System.Boolean)
FNDA:0,System.String Regulus.Utility.Vector2::ToString(System.Boolean)
DA:141,0
DA:142,0
DA:143,0
DA:144,0
DA:147,0
DA:148,0
BRDA:142,4,0,0
BRDA:142,4,1,0
FN:150,Regulus.Utility.Vector2 Regulus.Utility.Vector2::AngleToVector(System.Single)
FNDA:0,Regulus.Utility.Vector2 Regulus.Utility.Vector2::AngleToVector(System.Single)
DA:151,0
DA:152,0
DA:153,0
DA:154,0
DA:155,0
FN:157,System.Single Regulus.Utility.Vector2::VectorToAngle(Regulus.Utility.Vector2)
FNDA:0,System.Single Regulus.Utility.Vector2::VectorToAngle(Regulus.Utility.Vector2)
DA:158,0
DA:159,0
DA:160,0
FN:162,System.Void Regulus.Utility.Vector2::Set(System.Single,System.Single)
FNDA:0,System.Void Regulus.Utility.Vector2::Set(System.Single,System.Single)
DA:163,0
DA:164,0
DA:165,0
DA:166,0
FN:27,System.Void Regulus.Utility.Vector2::.ctor(System.Single,System.Single)
FNDA:0,System.Void Regulus.Utility.Vector2::.ctor(System.Single,System.Single)
DA:28,0
DA:29,0
DA:30,0
DA:31,0
LF:87
LH:0
BRF:10
BRH:0
FNF:26
FNH:0
end_of_record
SF:D:\develop\Regulus\Regulus.Utility\Utility\WindowConsole.cs
FN:23,Regulus.Utility.Command Regulus.Utility.WindowConsole::get_Command()
FNDA:0,Regulus.Utility.Command Regulus.Utility.WindowConsole::get_Command()
DA:24,0
FN:26,Regulus.Utility.Console/IViewer Regulus.Utility.WindowConsole::get_Viewer()
FNDA:0,Regulus.Utility.Console/IViewer Regulus.Utility.WindowConsole::get_Viewer()
DA:27,0
FN:51,System.Void Regulus.Utility.WindowConsole::Regulus.Utility.IBootable.Launch()
FNDA:0,System.Void Regulus.Utility.WindowConsole::Regulus.Utility.IBootable.Launch()
DA:52,0
DA:54,0
DA:58,0
DA:59,0
FN:61,System.Void Regulus.Utility.WindowConsole::_Quit(System.Object,System.EventArgs)
FNDA:0,System.Void Regulus.Utility.WindowConsole::_Quit(System.Object,System.EventArgs)
DA:62,0
DA:63,0
DA:64,0
FN:66,System.Void Regulus.Utility.WindowConsole::Regulus.Utility.IBootable.Shutdown()
FNDA:0,System.Void Regulus.Utility.WindowConsole::Regulus.Utility.IBootable.Shutdown()
DA:67,0
DA:68,0
DA:69,0
DA:70,0
DA:71,0
FN:73,System.Boolean Regulus.Utility.WindowConsole::Regulus.Utility.IUpdatable.Update()
FNDA:0,System.Boolean Regulus.Utility.WindowConsole::Regulus.Utility.IUpdatable.Update()
DA:74,0
DA:75,0
DA:76,0
DA:77,0
DA:78,0
DA:79,0
FN:87,System.Void Regulus.Utility.WindowConsole::HideLog()
FNDA:0,System.Void Regulus.Utility.WindowConsole::HideLog()
DA:88,0
DA:89,0
DA:90,0
DA:91,0
DA:92,0
FN:94,System.Void Regulus.Utility.WindowConsole::ShowLog()
FNDA:0,System.Void Regulus.Utility.WindowConsole::ShowLog()
DA:95,0
DA:96,0
DA:97,0
DA:98,0
DA:99,0
FN:101,System.Void Regulus.Utility.WindowConsole::_RecordView(System.String)
FNDA:0,System.Void Regulus.Utility.WindowConsole::_RecordView(System.String)
DA:102,0
DA:104,0
DA:105,0
FN:28,System.Void Regulus.Utility.WindowConsole::.ctor()
FNDA:0,System.Void Regulus.Utility.WindowConsole::.ctor()
DA:29,0
DA:30,0
DA:31,0
DA:32,0
DA:33,0
DA:34,0
DA:35,0
DA:36,0
DA:39,0
DA:40,0
FN:41,System.Void Regulus.Utility.WindowConsole::.ctor(Regulus.Utility.Console/IViewer,Regulus.Utility.Console/IInput)
FNDA:0,System.Void Regulus.Utility.WindowConsole::.ctor(Regulus.Utility.Console/IViewer,Regulus.Utility.Console/IInput)
DA:42,0
DA:43,0
DA:44,0
DA:45,0
DA:46,0
DA:47,0
DA:48,0
DA:49,0
FN:142,System.Void Regulus.Utility.WindowConsoleAppliction.ApplictionExtension::_Empty()
FNDA:0,System.Void Regulus.Utility.WindowConsoleAppliction.ApplictionExtension::_Empty()
DA:143,0
DA:145,0
FN:146,System.Void Regulus.Utility.WindowConsoleAppliction.ApplictionExtension::Run(Regulus.Utility.WindowConsole,System.Action)
FNDA:0,System.Void Regulus.Utility.WindowConsoleAppliction.ApplictionExtension::Run(Regulus.Utility.WindowConsole,System.Action)
DA:147,0
DA:148,0
DA:149,0
DA:151,0
DA:152,0
DA:153,0
DA:154,0
DA:155,0
DA:156,0
DA:157,0
DA:158,0
DA:159,0
DA:160,0
DA:161,0
DA:162,0
DA:163,0
DA:164,0
DA:166,0
DA:167,0
DA:168,0
BRDA:148,13,0,0
BRDA:148,13,1,0
BRDA:160,163,1,0
BRDA:160,163,0,0
FN:170,System.Void Regulus.Utility.WindowConsoleAppliction.ApplictionExtension::_Dump(System.Object,System.UnhandledExceptionEventArgs)
FNDA:0,System.Void Regulus.Utility.WindowConsoleAppliction.ApplictionExtension::_Dump(System.Object,System.UnhandledExceptionEventArgs)
DA:171,0
DA:172,0
DA:174,0
DA:175,0
FN:118,System.Void Regulus.Utility.WindowConsoleStand.StandExtension::Launch(Regulus.Utility.WindowConsole)
FNDA:0,System.Void Regulus.Utility.WindowConsoleStand.StandExtension::Launch(Regulus.Utility.WindowConsole)
DA:119,0
DA:120,0
DA:121,0
DA:122,0
FN:124,System.Void Regulus.Utility.WindowConsoleStand.StandExtension::Update(Regulus.Utility.WindowConsole)
FNDA:0,System.Void Regulus.Utility.WindowConsoleStand.StandExtension::Update(Regulus.Utility.WindowConsole)
DA:125,0
DA:126,0
DA:127,0
DA:128,0
FN:130,System.Void Regulus.Utility.WindowConsoleStand.StandExtension::Shutdown(Regulus.Utility.WindowConsole)
FNDA:0,System.Void Regulus.Utility.WindowConsoleStand.StandExtension::Shutdown(Regulus.Utility.WindowConsole)
DA:131,0
DA:132,0
DA:133,0
DA:134,0
LF:89
LH:0
BRF:4
BRH:0
FNF:17
FNH:0
end_of_record
SF:D:\develop\Regulus\Regulus.Utility\Utility\CommandRegisterExtension.cs
FN:5,System.Void Regulus.Utility.CommandExtension.CommandRegisterExtension::_Empty(TR)
FNDA:0,System.Void Regulus.Utility.CommandExtension.CommandRegisterExtension::_Empty(TR)
DA:6,0
DA:8,0
FN:9,System.Void Regulus.Utility.CommandExtension.CommandRegisterExtension::Register(Regulus.Utility.Command,System.String,System.Func`1<TR>)
FNDA:0,System.Void Regulus.Utility.CommandExtension.CommandRegisterExtension::Register(Regulus.Utility.Command,System.String,System.Func`1<TR>)
DA:10,0
DA:11,0
DA:12,0
FN:13,System.Void Regulus.Utility.CommandExtension.CommandRegisterExtension::Register(Regulus.Utility.Command,System.String,System.Func`2<T1,TR>)
FNDA:0,System.Void Regulus.Utility.CommandExtension.CommandRegisterExtension::Register(Regulus.Utility.Command,System.String,System.Func`2<T1,TR>)
DA:14,0
DA:15,0
DA:16,0
FN:17,System.Void Regulus.Utility.CommandExtension.CommandRegisterExtension::Register(Regulus.Utility.Command,System.String,System.Func`3<T1,T2,TR>)
FNDA:0,System.Void Regulus.Utility.CommandExtension.CommandRegisterExtension::Register(Regulus.Utility.Command,System.String,System.Func`3<T1,T2,TR>)
DA:18,0
DA:19,0
DA:20,0
FN:21,System.Void Regulus.Utility.CommandExtension.CommandRegisterExtension::Register(Regulus.Utility.Command,System.String,System.Func`4<T1,T2,T3,TR>)
FNDA:0,System.Void Regulus.Utility.CommandExtension.CommandRegisterExtension::Register(Regulus.Utility.Command,System.String,System.Func`4<T1,T2,T3,TR>)
DA:22,0
DA:23,0
DA:24,0
FN:26,System.Void Regulus.Utility.CommandExtension.CommandRegisterExtension::Register(Regulus.Utility.Command,System.String,System.Func`5<T1,T2,T3,T4,TR>)
FNDA:0,System.Void Regulus.Utility.CommandExtension.CommandRegisterExtension::Register(Regulus.Utility.Command,System.String,System.Func`5<T1,T2,T3,T4,TR>)
DA:27,0
DA:28,0
DA:29,0
LF:17
LH:0
BRF:0
BRH:0
FNF:6
FNH:0
end_of_record
SF:D:\develop\Regulus\Regulus.Utility\Reflection\Helper.cs
FN:11,System.Void Regulus.Utility.Reflection.TypeMethodCatcher::.ctor(System.Linq.Expressions.LambdaExpression)
FNDA:16,System.Void Regulus.Utility.Reflection.TypeMethodCatcher::.ctor(System.Linq.Expressions.LambdaExpression)
DA:12,16
DA:13,16
DA:14,16
DA:15,0
DA:16,16
DA:18,16
DA:19,0
DA:20,16
DA:21,16
BRDA:14,23,0,0
BRDA:14,23,1,16
BRDA:18,54,0,0
BRDA:18,54,1,16
LF:9
LH:7
BRF:4
BRH:2
FNF:1
FNH:1
end_of_record
SF:D:\develop\Regulus\Regulus.Utility\Extension\DataTable.cs
FN:33,System.Void Regulus.Extension.System_Data_DataTable::ReadCSV(System.Data.DataTable,System.String,System.String)
FNDA:0,System.Void Regulus.Extension.System_Data_DataTable::ReadCSV(System.Data.DataTable,System.String,System.String)
DA:34,0
DA:35,0
DA:41,0
DA:42,0
DA:45,0
DA:46,0
DA:48,0
DA:49,0
DA:50,0
DA:51,0
DA:52,0
DA:53,0
DA:54,0
DA:57,0
DA:58,0
DA:59,0
DA:60,0
DA:61,0
DA:62,0
DA:63,0
DA:64,0
DA:65,0
DA:66,0
DA:68,0
DA:69,0
DA:71,0
DA:72,0
DA:74,0
DA:76,0
DA:77,0
DA:78,0
DA:79,0
DA:80,0
DA:82,0
DA:83,0
DA:84,0
DA:85,0
DA:86,0
DA:87,0
DA:88,0
DA:89,0
DA:90,0
DA:91,0
DA:92,0
DA:93,0
DA:95,0
DA:96,0
DA:98,0
DA:99,0
DA:100,0
DA:101,0
DA:102,0
DA:103,0
DA:104,0
DA:106,0
DA:107,0
BRDA:48,67,0,0
BRDA:48,67,1,0
BRDA:58,302,1,0
BRDA:64,219,0,0
BRDA:64,219,1,0
BRDA:58,302,0,0
BRDA:77,524,1,0
BRDA:82,352,0,0
BRDA:86,449,1,0
BRDA:88,403,0,0
BRDA:88,403,1,0
BRDA:86,449,0,0
BRDA:82,352,1,0
BRDA:77,524,0,0
FN:18,System.String Regulus.Extension.System_Data_DataTable/DataTableType::get_Name()
FNDA:0,System.String Regulus.Extension.System_Data_DataTable/DataTableType::get_Name()
DA:19,0
FN:20,System.Type Regulus.Extension.System_Data_DataTable/DataTableType::get_Type()
FNDA:0,System.Type Regulus.Extension.System_Data_DataTable/DataTableType::get_Type()
DA:21,0
FN:22,System.String Regulus.Extension.System_Data_DataTable/DataTableType::get_Default()
FNDA:0,System.String Regulus.Extension.System_Data_DataTable/DataTableType::get_Default()
DA:23,0
FN:24,System.Void Regulus.Extension.System_Data_DataTable/DataTableType::.ctor(System.String,System.Type,System.String)
FNDA:0,System.Void Regulus.Extension.System_Data_DataTable/DataTableType::.ctor(System.String,System.Type,System.String)
DA:25,0
DA:26,0
DA:27,0
DA:28,0
DA:29,0
DA:30,0
FN:11,System.Void Regulus.Extension.System_Data_DataTable/DataTableType::.cctor()
FNDA:0,System.Void Regulus.Extension.System_Data_DataTable/DataTableType::.cctor()
DA:12,0
DA:13,0
DA:14,0
DA:15,0
DA:16,0
DA:17,0
LF:71
LH:0
BRF:14
BRH:0
FNF:6
FNH:0
end_of_record
SF:D:\develop\Regulus\Regulus.Utility\Extension\Linq.cs
FN:10,System.Collections.Generic.IEnumerable`1<T> Regulus.Extension.Linq::Shuffle(System.Collections.Generic.IEnumerable`1<T>)
FNDA:0,System.Collections.Generic.IEnumerable`1<T> Regulus.Extension.Linq::Shuffle(System.Collections.Generic.IEnumerable`1<T>)
DA:11,0
DA:12,0
DA:13,0
BRDA:12,8,0,0
BRDA:12,8,1,0
FN:15,System.Int32 Regulus.Extension.Linq::Index(System.Collections.Generic.IEnumerable`1<T>,System.Func`2<T,System.Boolean>)
FNDA:0,System.Int32 Regulus.Extension.Linq::Index(System.Collections.Generic.IEnumerable`1<T>,System.Func`2<T,System.Boolean>)
DA:16,0
DA:17,0
DA:18,0
DA:19,0
DA:20,0
DA:21,0
DA:22,0
DA:23,0
DA:25,0
DA:26,0
DA:27,0
DA:28,0
BRDA:19,53,1,0
BRDA:21,34,0,0
BRDA:21,34,1,0
BRDA:19,53,0,0
LF:15
LH:0
BRF:6
BRH:0
FNF:2
FNH:0
end_of_record
SF:D:\develop\Regulus\Regulus.Utility\Extension\QueueThreadHelper.cs
FN:5,System.Int32 Regulus.Extension.QueueThreadHelper::SafeCount(System.Collections.Generic.Queue`1<T>)
FNDA:0,System.Int32 Regulus.Extension.QueueThreadHelper::SafeCount(System.Collections.Generic.Queue`1<T>)
DA:6,0
DA:7,0
DA:8,0
DA:9,0
DA:11,0
FN:12,System.Void Regulus.Extension.QueueThreadHelper::SafeEnqueue(System.Collections.Generic.Queue`1<T>,T)
FNDA:0,System.Void Regulus.Extension.QueueThreadHelper::SafeEnqueue(System.Collections.Generic.Queue`1<T>,T)
DA:13,0
DA:14,0
DA:15,0
DA:16,0
DA:17,0
DA:18,0
FN:20,T Regulus.Extension.QueueThreadHelper::SafeDequeue(System.Collections.Generic.Queue`1<T>)
FNDA:0,T Regulus.Extension.QueueThreadHelper::SafeDequeue(System.Collections.Generic.Queue`1<T>)
DA:21,0
DA:22,0
DA:23,0
DA:24,0
DA:25,0
DA:26,0
DA:27,0
DA:28,0
DA:29,0
BRDA:25,34,0,0
BRDA:25,34,1,0
LF:20
LH:0
BRF:2
BRH:0
FNF:3
FNH:0
end_of_record
SF:D:\develop\Regulus\Regulus.Utility\Extension\Rect.cs
FN:11,Regulus.Utility.Rect Regulus.Extension.RectExtension::LeftToCenter(Regulus.Utility.Rect)
FNDA:0,Regulus.Utility.Rect Regulus.Extension.RectExtension::LeftToCenter(Regulus.Utility.Rect)
DA:12,0
DA:13,0
DA:14,0
DA:16,0
DA:17,0
FN:19,Regulus.Utility.Rect Regulus.Extension.RectExtension::CenterToLeft(Regulus.Utility.Rect)
FNDA:0,Regulus.Utility.Rect Regulus.Extension.RectExtension::CenterToLeft(Regulus.Utility.Rect)
DA:20,0
DA:21,0
DA:22,0
DA:24,0
DA:25,0
LF:10
LH:0
BRF:0
BRH:0
FNF:2
FNH:0
end_of_record
SF:D:\develop\Regulus\Regulus.Utility\Extension\ShowMember.cs
FN:8,System.String Regulus.Extension.ShowMember::ShowMembers(T)
FNDA:0,System.String Regulus.Extension.ShowMember::ShowMembers(T)
DA:9,0
DA:10,0
DA:11,0
FN:13,System.String Regulus.Extension.ShowMember::ShowMembers(T,System.String)
FNDA:0,System.String Regulus.Extension.ShowMember::ShowMembers(T,System.String)
DA:14,0
DA:15,0
DA:16,0
FN:19,System.String Regulus.Extension.ShowMember::_ShowMembers(System.Object,System.Type,System.String)
FNDA:0,System.String Regulus.Extension.ShowMember::_ShowMembers(System.Object,System.Type,System.String)
DA:20,0
DA:21,0
DA:22,0
DA:23,0
DA:24,0
DA:25,0
DA:26,0
DA:27,0
DA:28,0
DA:29,0
DA:30,0
DA:31,0
DA:32,0
DA:34,0
DA:36,0
DA:37,0
DA:38,0
DA:39,0
DA:40,0
DA:41,0
DA:42,0
DA:43,0
DA:44,0
DA:45,0
DA:46,0
DA:48,0
DA:49,0
DA:50,0
DA:51,0
DA:52,0
DA:53,0
DA:54,0
DA:55,0
DA:56,0
DA:57,0
DA:58,0
DA:59,0
DA:60,0
DA:61,0
DA:62,0
DA:63,0
DA:65,0
DA:66,0
DA:67,0
DA:68,0
DA:69,0
DA:70,0
DA:71,0
DA:72,0
DA:73,0
DA:74,0
DA:75,0
DA:76,0
DA:77,0
DA:78,0
DA:79,0
DA:80,0
DA:81,0
DA:82,0
DA:83,0
DA:84,0
DA:85,0
DA:86,0
DA:89,0
DA:90,0
BRDA:23,33,0,0
BRDA:23,33,1,0
BRDA:27,67,0,0
BRDA:27,67,1,0
BRDA:31,104,0,0
BRDA:36,180,1,0
BRDA:36,180,0,0
BRDA:31,104,1,0
BRDA:42,222,0,0
BRDA:42,222,1,0
BRDA:52,27,0,0
BRDA:52,27,1,0
BRDA:60,115,0,0
BRDA:60,115,1,0
BRDA:70,9,0,0
BRDA:73,42,0,0
BRDA:73,42,1,0
BRDA:80,130,0,0
BRDA:80,130,1,0
BRDA:70,9,1,0
LF:71
LH:0
BRF:20
BRH:0
FNF:3
FNH:0
end_of_record
SF:D:\develop\Regulus\Regulus.Utility\Extension\TypeExtension.cs
FN:10,Regulus.Utility.Rect Regulus.Extension.TypeExtension::ToRect(System.Collections.Generic.IEnumerable`1<Regulus.Utility.Vector2>)
FNDA:0,Regulus.Utility.Rect Regulus.Extension.TypeExtension::ToRect(System.Collections.Generic.IEnumerable`1<Regulus.Utility.Vector2>)
DA:11,0
DA:13,0
DA:14,0
DA:16,0
DA:17,0
DA:18,0
DA:19,0
DA:20,0
DA:22,0
DA:23,0
DA:24,0
DA:25,0
DA:27,0
DA:28,0
DA:29,0
DA:30,0
DA:32,0
DA:33,0
DA:34,0
DA:35,0
DA:37,0
DA:38,0
DA:39,0
DA:40,0
DA:41,0
BRDA:13,14,0,0
BRDA:13,14,1,0
BRDA:22,200,1,0
BRDA:24,104,0,0
BRDA:24,104,1,0
BRDA:27,128,0,0
BRDA:27,128,1,0
BRDA:32,154,0,0
BRDA:32,154,1,0
BRDA:37,181,0,0
BRDA:37,181,1,0
BRDA:22,200,0,0
FN:43,System.Collections.Generic.IEnumerable`1<Regulus.Utility.Vector2> Regulus.Extension.TypeExtension::FindHull(System.Collections.Generic.IEnumerable`1<Regulus.Utility.Vector2>)
FNDA:0,System.Collections.Generic.IEnumerable`1<Regulus.Utility.Vector2> Regulus.Extension.TypeExtension::FindHull(System.Collections.Generic.IEnumerable`1<Regulus.Utility.Vector2>)
DA:44,0
DA:45,0
DA:48,0
DA:49,0
DA:50,0
DA:51,0
DA:54,0
DA:55,0
DA:57,0
DA:58,0
DA:59,0
DA:60,0
DA:61,0
DA:62,0
DA:63,0
DA:64,0
DA:65,0
DA:68,0
DA:71,0
DA:72,0
DA:73,0
DA:74,0
DA:77,0
DA:79,0
DA:80,0
DA:83,0
DA:85,0
DA:88,0
DA:90,0
DA:91,0
DA:93,0
DA:94,0
DA:96,0
DA:97,0
DA:98,0
DA:102,0
DA:103,0
DA:104,0
DA:105,0
DA:109,0
DA:110,0
DA:112,0
DA:114,0
DA:116,0
DA:117,0
DA:118,0
DA:120,0
DA:122,0
DA:124,0
DA:125,0
DA:126,0
DA:127,0
DA:130,0
DA:132,0
DA:133,0
DA:134,0
DA:135,0
DA:137,0
DA:138,0
BRDA:48,50,1,0
BRDA:48,50,0,0
BRDA:57,197,1,0
BRDA:59,110,0,0
BRDA:59,131,0,0
BRDA:59,131,1,0
BRDA:59,110,1,0
BRDA:59,164,0,0
BRDA:59,164,1,0
BRDA:57,197,0,0
BRDA:71,341,1,0
BRDA:79,304,0,0
BRDA:79,304,1,0
BRDA:71,341,0,0
BRDA:96,628,1,0
BRDA:102,433,0,0
BRDA:102,433,1,0
BRDA:102,456,0,0
BRDA:102,456,1,0
BRDA:109,546,0,0
BRDA:109,546,1,0
BRDA:96,628,0,0
BRDA:132,684,1,0
BRDA:132,684,0,0
FN:157,System.Int32 Regulus.Extension.TypeExtension/PointToProcess::CompareTo(System.Object)
FNDA:0,System.Int32 Regulus.Extension.TypeExtension/PointToProcess::CompareTo(System.Object)
DA:158,0
DA:159,0
DA:161,0
DA:162,0
DA:163,0
BRDA:161,20,0,0
BRDA:161,34,0,0
BRDA:161,48,0,0
BRDA:161,62,0,0
BRDA:161,62,1,0
BRDA:161,48,1,0
BRDA:161,34,1,0
BRDA:161,20,1,0
FN:165,Regulus.Utility.Vector2 Regulus.Extension.TypeExtension/PointToProcess::ToPoint()
FNDA:0,Regulus.Utility.Vector2 Regulus.Extension.TypeExtension/PointToProcess::ToPoint()
DA:166,0
DA:167,0
DA:168,0
FN:147,System.Void Regulus.Extension.TypeExtension/PointToProcess::.ctor(Regulus.Utility.Vector2)
FNDA:0,System.Void Regulus.Extension.TypeExtension/PointToProcess::.ctor(Regulus.Utility.Vector2)
DA:148,0
DA:149,0
DA:150,0
DA:151,0
DA:153,0
DA:154,0
DA:155,0
LF:99
LH:0
BRF:44
BRH:0
FNF:5
FNH:0
end_of_record
SF:D:\develop\Regulus\Regulus.Utility\Collection\DifferenceNoticer.cs
FN:23,System.Void Regulus.Collection.DifferenceNoticer`1::_DefaultBroadcast(System.Collections.Generic.IEnumerable`1<T>,System.Collections.Generic.IEnumerable`1<T>)
FNDA:0,System.Void Regulus.Collection.DifferenceNoticer`1::_DefaultBroadcast(System.Collections.Generic.IEnumerable`1<T>,System.Collections.Generic.IEnumerable`1<T>)
DA:24,0
DA:25,0
DA:26,0
DA:27,0
FN:36,System.Void Regulus.Collection.DifferenceNoticer`1::_EqualityBroadcast(System.Collections.Generic.IEnumerable`1<T>,System.Collections.Generic.IEnumerable`1<T>)
FNDA:0,System.Void Regulus.Collection.DifferenceNoticer`1::_EqualityBroadcast(System.Collections.Generic.IEnumerable`1<T>,System.Collections.Generic.IEnumerable`1<T>)
DA:37,0
DA:38,0
DA:39,0
DA:40,0
FN:42,System.Void Regulus.Collection.DifferenceNoticer`1::Set(System.Collections.Generic.IEnumerable`1<T>)
FNDA:0,System.Void Regulus.Collection.DifferenceNoticer`1::Set(System.Collections.Generic.IEnumerable`1<T>)
DA:43,0
DA:44,0
DA:46,0
DA:48,0
DA:49,0
DA:50,0
FN:52,System.Void Regulus.Collection.DifferenceNoticer`1::_BroadcastLeft(System.Collections.Generic.IEnumerable`1<T>)
FNDA:0,System.Void Regulus.Collection.DifferenceNoticer`1::_BroadcastLeft(System.Collections.Generic.IEnumerable`1<T>)
DA:53,0
DA:54,0
DA:55,0
DA:56,0
BRDA:54,12,0,0
BRDA:54,12,1,0
FN:58,System.Void Regulus.Collection.DifferenceNoticer`1::_BroadcastJoin(System.Collections.Generic.IEnumerable`1<T>)
FNDA:0,System.Void Regulus.Collection.DifferenceNoticer`1::_BroadcastJoin(System.Collections.Generic.IEnumerable`1<T>)
DA:59,0
DA:60,0
DA:61,0
DA:62,0
BRDA:60,12,0,0
BRDA:60,12,1,0
FN:16,System.Void Regulus.Collection.DifferenceNoticer`1::.ctor()
FNDA:0,System.Void Regulus.Collection.DifferenceNoticer`1::.ctor()
DA:17,0
DA:18,0
DA:19,0
DA:20,0
DA:21,0
FN:28,System.Void Regulus.Collection.DifferenceNoticer`1::.ctor(System.Collections.Generic.IEqualityComparer`1<T>)
FNDA:0,System.Void Regulus.Collection.DifferenceNoticer`1::.ctor(System.Collections.Generic.IEqualityComparer`1<T>)
DA:29,0
DA:30,0
DA:31,0
DA:33,0
DA:34,0
LF:32
LH:0
BRF:4
BRH:0
FNF:7
FNH:0
end_of_record
SF:D:\develop\Regulus\Regulus.Utility\Collection\Queue.cs
FN:21,System.Void Regulus.Collection.Queue`1::Enqueue(T)
FNDA:0,System.Void Regulus.Collection.Queue`1::Enqueue(T)
DA:22,0
DA:23,0
DA:25,0
DA:26,0
DA:27,0
DA:28,0
DA:30,0
DA:31,0
DA:32,0
DA:34,0
DA:37,0
BRDA:31,38,0,0
BRDA:31,38,1,0
FN:39,System.Boolean Regulus.Collection.Queue`1::TryDequeue(T&)
FNDA:0,System.Boolean Regulus.Collection.Queue`1::TryDequeue(T&)
DA:40,0
DA:41,0
DA:42,0
DA:43,0
DA:45,0
DA:46,0
DA:47,0
DA:48,0
DA:49,0
DA:50,0
DA:51,0
DA:52,0
DA:54,0
DA:55,0
DA:56,0
DA:58,0
DA:62,0
DA:63,0
BRDA:47,43,0,0
BRDA:47,43,1,0
BRDA:55,73,0,0
BRDA:55,73,1,0
FN:65,T[] Regulus.Collection.Queue`1::DequeueAll()
FNDA:0,T[] Regulus.Collection.Queue`1::DequeueAll()
DA:66,0
DA:67,0
DA:72,0
DA:73,0
DA:74,0
DA:75,0
DA:76,0
DA:78,0
DA:79,0
DA:80,0
DA:82,0
DA:83,0
DA:87,0
BRDA:79,49,0,0
BRDA:79,49,1,0
FN:8,System.Void Regulus.Collection.Queue`1::.ctor()
FNDA:0,System.Void Regulus.Collection.Queue`1::.ctor()
DA:9,0
DA:10,0
DA:11,0
DA:12,0
DA:13,0
FN:14,System.Void Regulus.Collection.Queue`1::.ctor(T[])
FNDA:0,System.Void Regulus.Collection.Queue`1::.ctor(T[])
DA:15,0
DA:16,0
DA:17,0
DA:18,0
DA:19,0
LF:52
LH:0
BRF:8
BRH:0
FNF:5
FNH:0
end_of_record